[2015.12.12-01.46.43:433][  0]Log file open, 12/12/15 02:46:43
[2015.12.12-01.46.43:433][  0]LogInit:Display: Running engine for game: NewJam
[2015.12.12-01.46.43:433][  0]LogPlatformFile: Not using cached read wrapper
[2015.12.12-01.46.43:433][  0]LogInit:Display: RandInit(1564142728) SRandInit(1564142729).
[2015.12.12-01.46.43:433][  0]LogTaskGraph: Started task graph with 4 named threads and 7 total threads.
[2015.12.12-01.46.43:433][  0]LogStats: Stats thread started at 0.401170
[2015.12.12-01.46.43:433][  0]LogInit: Version: 4.10.1-2791327+++depot+UE4-Releases+4.10
[2015.12.12-01.46.43:433][  0]LogInit: API Version: 2758231
[2015.12.12-01.46.43:433][  0]LogInit: Compiled (64-bit): Dec  4 2015 19:44:40
[2015.12.12-01.46.43:433][  0]LogInit: Compiled with Visual C++: 19.00.23026.00
[2015.12.12-01.46.43:433][  0]LogInit: Build Configuration: Development
[2015.12.12-01.46.43:433][  0]LogInit: Branch Name: ++depot+UE4-Releases+4.10
[2015.12.12-01.46.43:433][  0]LogInit: Command line:  
[2015.12.12-01.46.43:433][  0]LogInit: Base directory: C:/Program Files/Epic Games/4.10/Engine/Binaries/Win64/
[2015.12.12-01.46.43:433][  0]LogInit: Rocket: 1
[2015.12.12-01.46.43:541][  0]LogInit: Using libcurl 7.41.0
[2015.12.12-01.46.43:541][  0]LogInit:  - built for x86_64-pc-win32
[2015.12.12-01.46.43:541][  0]LogInit:  - supports SSL with WinSSL
[2015.12.12-01.46.43:541][  0]LogInit:  - other features:
[2015.12.12-01.46.43:541][  0]LogInit:      CURL_VERSION_SSL
[2015.12.12-01.46.43:541][  0]LogInit:      CURL_VERSION_IPV6
[2015.12.12-01.46.43:541][  0]LogInit:      CURL_VERSION_ASYNCHDNS
[2015.12.12-01.46.43:541][  0]LogInit:      CURL_VERSION_LARGEFILE
[2015.12.12-01.46.43:541][  0]LogInit:      CURL_VERSION_IDN
[2015.12.12-01.46.43:543][  0]LogInit:  CurlRequestOptions (configurable via config and command line):
[2015.12.12-01.46.43:543][  0]LogInit:  - bVerifyPeer = true  - Libcurl will verify peer certificate
[2015.12.12-01.46.43:543][  0]LogInit:  - bUseHttpProxy = false  - Libcurl will NOT use HTTP proxy
[2015.12.12-01.46.43:543][  0]LogInit:  - bDontReuseConnections = false  - Libcurl will reuse connections
[2015.12.12-01.46.43:543][  0]LogInit:  - CertBundlePath = nullptr  - Libcurl will use whatever was configured at build time.
[2015.12.12-01.46.43:702][  0]LogInit: Presizing for 0 objects not considered by GC, pre-allocating 0 bytes.
[2015.12.12-01.46.43:770][  0]LogInit: Object subsystem initialized
[2015.12.12-01.46.43:846][  0]LogInit: Selected Device Profile: [Windows]
[2015.12.12-01.46.43:846][  0]LogInit: Applying CVar settings loaded from the selected device profile: [Windows]
[2015.12.12-01.46.43:966][  0]LogInit: Computer: MEGPOID
[2015.12.12-01.46.43:966][  0]LogInit: User: Ninjin
[2015.12.12-01.46.43:966][  0]LogInit: CPU Page size=4096, Cores=4
[2015.12.12-01.46.43:966][  0]LogInit: High frequency timer resolution =3.125000 MHz
[2015.12.12-01.46.43:968][  0]LogMemory: Memory total: Physical=7.8GB (8GB approx)
[2015.12.12-01.46.43:968][  0]LogMemory: Platform Memory Stats for Windows
[2015.12.12-01.46.43:968][  0]LogMemory: Process Physical Memory: 56.49 MB used, 56.49 MB peak
[2015.12.12-01.46.43:968][  0]LogMemory: Process Virtual Memory: 58.73 MB used, 58.73 MB peak
[2015.12.12-01.46.43:968][  0]LogMemory: Physical Memory: 2902.11 MB used, 8030.70 MB total
[2015.12.12-01.46.43:968][  0]LogMemory: Virtual Memory: 380.41 MB used, 134217728.00 MB total
[2015.12.12-01.46.45:115][  0]LogTextLocalizationManager: No specific translations for ('en-US') exist, so ('en') translations will be used.
[2015.12.12-01.46.46:532][  0]LogD3D11RHI: Found D3D11 adapter 0: AMD Radeon R9 200 Series (Feature Level 11_0)
[2015.12.12-01.46.46:532][  0]LogD3D11RHI: Adapter has 2026MB of dedicated video memory, 0MB of dedicated system memory, and 4015MB of shared system memory, 2 output[s]
[2015.12.12-01.46.46:564][  0]LogD3D11RHI: Found D3D11 adapter 1: Intel(R) HD Graphics 4600 (Feature Level 11_0)
[2015.12.12-01.46.46:564][  0]LogD3D11RHI: Adapter has 112MB of dedicated video memory, 0MB of dedicated system memory, and 4015MB of shared system memory, 0 output[s]
[2015.12.12-01.46.46:568][  0]LogD3D11RHI: Found D3D11 adapter 2: Microsoft Basic Render Driver (Feature Level 11_0)
[2015.12.12-01.46.46:568][  0]LogD3D11RHI: Adapter has 0MB of dedicated video memory, 0MB of dedicated system memory, and 4015MB of shared system memory, 0 output[s]
[2015.12.12-01.46.46:568][  0]LogD3D11RHI: Chosen D3D11 Adapter Id = 0
[2015.12.12-01.46.46:602][  0]LogD3D11RHI: !Direct3DDevice
[2015.12.12-01.46.46:602][  0]LogRHI: Texture pool is 1361 MB (70% of 1945 MB)
[2015.12.12-01.46.46:631][  0]LogD3D11RHI: Async texture creation disabled: no driver support
[2015.12.12-01.46.47:033][  0]LogShaderCompilers: Guid format shader working directory is -24 characters bigger than the processId version (../../../../../../Users/Ninjin/Desktop/Sandventure/CoffeeJam2015/NewJam/Intermediate/Shaders/WorkingDirectory/5980/).
[2015.12.12-01.46.47:033][  0]LogShaderCompilers: Cleaned the shader compiler working directory 'C:/Users/Ninjin/AppData/Local/Temp/UnrealShaderWorkingDir/BE2D5E0A4A1B6957A53E60AF66D46ACD/'.
[2015.12.12-01.46.47:054][  0]LogShaderCompilers:Display: Using Local Shader Compiler.
[2015.12.12-01.46.53:615][  0]LogTemp:Display: Loaded TP AllDesktopTargetPlatform
[2015.12.12-01.46.53:623][  0]LogTemp:Display: Loaded TP WindowsClientTargetPlatform
[2015.12.12-01.46.53:632][  0]LogTemp:Display: Loaded TP WindowsNoEditorTargetPlatform
[2015.12.12-01.46.53:641][  0]LogTemp:Display: Loaded TP WindowsServerTargetPlatform
[2015.12.12-01.46.53:655][  0]LogTemp:Display: Loaded TP WindowsTargetPlatform
[2015.12.12-01.46.53:661][  0]LogTemp:Display: Loaded TP AndroidTargetPlatform
[2015.12.12-01.46.53:671][  0]LogTemp:Display: Loaded TP Android_ASTCTargetPlatform
[2015.12.12-01.46.53:684][  0]LogTemp:Display: Loaded TP Android_ATCTargetPlatform
[2015.12.12-01.46.53:694][  0]LogTemp:Display: Loaded TP Android_DXTTargetPlatform
[2015.12.12-01.46.53:704][  0]LogTemp:Display: Loaded TP Android_ETC1TargetPlatform
[2015.12.12-01.46.53:708][  0]LogTemp:Display: Loaded TP Android_ETC2TargetPlatform
[2015.12.12-01.46.53:715][  0]LogTemp:Display: Loaded TP Android_MultiTargetPlatform
[2015.12.12-01.46.53:715][  0]LogTemp:Display: Loaded TP Android_PVRTCTargetPlatform
[2015.12.12-01.46.53:758][  0]LogTemp:Display: Loaded TP HTML5TargetPlatform
[2015.12.12-01.46.53:823][  0]LogTemp:Display: Loaded TP IOSTargetPlatform
[2015.12.12-01.46.53:827][  0]LogTemp:Display: Loaded TP LinuxNoEditorTargetPlatform
[2015.12.12-01.46.53:830][  0]LogTemp:Display: Loaded TP LinuxServerTargetPlatform
[2015.12.12-01.46.53:857][  0]LogTemp:Display: Loaded TP LinuxTargetPlatform
[2015.12.12-01.46.53:857][  0]LogTargetPlatformManager:Display: Building Assets For Windows
[2015.12.12-01.46.54:927][  0]LogDerivedDataCache:Display: Max Cache Size: 512 MB
[2015.12.12-01.46.55:583][  0]LogDerivedDataCache: Loaded boot cache 0.66s 41MB C:/Users/Ninjin/AppData/Local/UnrealEngine/4.10/DerivedDataCache/Boot.ddc.
[2015.12.12-01.46.55:583][  0]LogDerivedDataCache:Display: Loaded Boot cache: C:/Users/Ninjin/AppData/Local/UnrealEngine/4.10/DerivedDataCache/Boot.ddc
[2015.12.12-01.46.55:583][  0]LogDerivedDataCache: FDerivedDataBackendGraph:  Pak pak cache file ../../../../../../Users/Ninjin/Desktop/Sandventure/CoffeeJam2015/NewJam/DerivedDataCache/DDC.ddp not found, will not use a pak cache.
[2015.12.12-01.46.55:583][  0]LogDerivedDataCache: Unable to find inner node Pak for hierarchical cache Hierarchy.
[2015.12.12-01.46.55:584][  0]LogDerivedDataCache: FDerivedDataBackendGraph:  CompressedPak pak cache file ../../../../../../Users/Ninjin/Desktop/Sandventure/CoffeeJam2015/NewJam/DerivedDataCache/Compressed.ddp not found, will not use a pak cache.
[2015.12.12-01.46.55:584][  0]LogDerivedDataCache: Unable to find inner node CompressedPak for hierarchical cache Hierarchy.
[2015.12.12-01.46.55:745][  0]LogDerivedDataCache:Display: Pak cache opened for reading ../../../Engine/DerivedDataCache/Compressed.ddp.
[2015.12.12-01.46.55:757][  0]LogDerivedDataCache: Using Local data cache path C:/Users/Ninjin/AppData/Local/UnrealEngine/Common/DerivedDataCache: Writable
[2015.12.12-01.47.10:655][  0]LogInit: Selected Device Profile: [Windows]
[2015.12.12-01.47.10:797][  0]LogContentStreaming: Texture pool size is 0.000000MB
[2015.12.12-01.47.12:549][  0]LogMeshUtilities: No automatic mesh reduction module available
[2015.12.12-01.47.12:549][  0]LogMeshUtilities: No automatic mesh merging module available
[2015.12.12-01.47.17:582][  0]LogInit: WinSock: version 1.1 (2.2), MaxSocks=32767, MaxUdp=65467
[2015.12.12-01.47.46:831][  0]LogAssetRegistry: FAssetRegistry took 0.0131 seconds to start up
[2015.12.12-01.47.47:023][  0]UdpMessaging: Initializing bridge on interface 0.0.0.0:0 to multicast group 230.0.0.1:6666.
[2015.12.12-01.47.54:315][  0]SourceControl: Info Source control is disabled
[2015.12.12-01.47.55:165][  0]SourceControl: Info Source control is disabled
[2015.12.12-01.47.55:486][  0]SourceControl: Info Source control is disabled
[2015.12.12-01.47.55:704][  0]SourceControl: Info Source control is disabled
[2015.12.12-01.48.00:635][  0]LogObj: 28802 objects as part of root set at end of initial load.
[2015.12.12-01.48.00:635][  0]LogUObjectAllocator: 6129768 out of 0 bytes used by permanent object pool.
[2015.12.12-01.48.02:577][  0]LogAutomationTest:Warning: Smoke tests took > 1s to run: 1.07s
[2015.12.12-01.48.02:751][  0]LogEngine: Initializing Engine...
[2015.12.12-01.48.02:833][  0]LogHMD: Can't find Oculus library dev build: is proper Runtime installed? Version: 0.8.0.0
[2015.12.12-01.48.02:952][  0]LogHMD: SteamVR failed to initialize.  Err: 110
[2015.12.12-01.48.06:048][  0]LogAIModule: Creating AISystem for world NewWorld
[2015.12.12-01.48.07:096][  0]LogInit: XAudio2 using 'Lautsprecher (Realtek High Definition Audio)' : 2 channels at 48 kHz using 32 bits per sample (channel mask 0x3)
[2015.12.12-01.48.07:218][  0]LogInit: FAudioDevice initialized.
[2015.12.12-01.48.07:267][  0]LogDerivedDataCache: Saved boot cache 0.05s 41MB C:/Users/Ninjin/AppData/Local/UnrealEngine/4.10/DerivedDataCache/Boot.ddc.
[2015.12.12-01.48.07:274][  0]LogInit: Texture streaming: Enabled
[2015.12.12-01.48.07:544][  0]LogAnalytics: Creating configured Analytics provider AnalyticsET
[2015.12.12-01.48.07:575][  0]LogAnalytics: [UEEditor.Rocket.Release] APIServer = http://et2.epicgames.com/ET2/. AppVersion = 4.10.1-2791327+++depot+UE4-Releases+4.10
[2015.12.12-01.48.07:575][  0]LogAnalytics: [UEEditor.Rocket.Release] SetUserId c19075ff47c07dbba72a90a6e03f6c0a|09b3918c02ef4fca9958f93c3e9c8f55|0e0e6c26-8dc2-4c81-ac3d-5669ac78be5f
[2015.12.12-01.48.07:617][  0]LogAnalytics: [UEEditor.Rocket.Release] AnalyticsET::StartSession
[2015.12.12-01.48.07:996][  0]LogWindowsTextInputMethodSystem:Display: IME system now deactivated.
[2015.12.12-01.48.07:997][  0]LogWindowsTextInputMethodSystem:Display: IME system now deactivated.
[2015.12.12-01.48.08:998][  0]LogInit: Transaction tracking system initialized
[2015.12.12-01.48.13:013][  0]BlueprintLog: New page: Editor Load
[2015.12.12-01.48.19:540][  0]LocalizationService: Info Localization service is disabled
[2015.12.12-01.48.21:971][  0]LogLinker:Warning: Can't find file '/Game/TopDownBP/TopDownOverview'
[2015.12.12-01.48.21:980][  0]LogLinker:Warning: Can't find file '/Game/TopDownBP/TopDownOverview'
[2015.12.12-01.48.21:980][  0]LogUObjectGlobals:Warning: Failed to find object 'Class /Game/TopDownBP/TopDownOverview.TopDownOverview_C'
[2015.12.12-01.48.23:744][  0]LogConsoleResponse:Display: 
[2015.12.12-01.48.34:945][  0]LogFileCache: Scanning file cache for directory 'C:/Users/Ninjin/Desktop/Sandventure/CoffeeJam2015/NewJam/Content/' took 0.05s
[2015.12.12-01.48.34:945][  0]LogCook:Display: Done creating registry. It took  0.00s.
[2015.12.12-01.48.39:124][  0]SourceControl: Info Source control is disabled
[2015.12.12-01.48.39:487][  0]Cmd: MAP LOAD FILE="../../../../../../Users/Ninjin/Desktop/Sandventure/CoffeeJam2015/NewJam/Content/SideScrollerBP/Maps/SideScrollerExampleMap.umap" TEMPLATE=0 SHOWPROGRESS=1 FEATURELEVEL=3
[2015.12.12-01.48.39:880][  0]LightingResults: New page: Lighting Build
[2015.12.12-01.48.43:304][  0]MapCheck: New page: Map Check
[2015.12.12-01.48.43:304][  0]LightingResults: New page: Lighting Build
[2015.12.12-01.48.46:118][  0]LogParticles: Destroying 0 GPU particle simulations for FXSystem 0x0000008ED998AAC0
[2015.12.12-01.48.57:153][  0]LogAIModule: Creating AISystem for world SideScrollerExampleMap
[2015.12.12-01.49.03:067][  0]LogEditorServer: Finished looking for orphan Actors (0.016 secs)
[2015.12.12-01.49.03:529][  0]Cmd: MAP CHECKDEP NOCLEARLOG
[2015.12.12-01.49.03:962][  0]MapCheck: Info Map check complete: 0 Error(s), 0 Warning(s), took 432.913ms to complete.
[2015.12.12-01.49.04:111][  0]LogFileHelpers: Loading map 'SideScrollerExampleMap' took 24.739
[2015.12.12-01.49.10:385][  0]LogCollectionManager: Loaded 0 collections in 0.002683 seconds
[2015.12.12-01.49.10:774][  0]LogFileCache: Scanning file cache for directory 'C:/Users/Ninjin/Desktop/Sandventure/CoffeeJam2015/NewJam/Saved/Collections/' took 0.01s
[2015.12.12-01.49.10:774][  0]LogFileCache: Scanning file cache for directory 'C:/Users/Ninjin/Desktop/Sandventure/CoffeeJam2015/NewJam/Content/Developers/Ninjin/Collections/' took 0.01s
[2015.12.12-01.49.10:774][  0]LogFileCache: Scanning file cache for directory 'C:/Users/Ninjin/Desktop/Sandventure/CoffeeJam2015/NewJam/Content/Collections/' took 0.01s
[2015.12.12-01.49.10:774][  0]LogCollectionManager: Rebuilt the GUID cache for 0 collections in 0.000003 seconds
[2015.12.12-01.49.10:821][  0]LogContentBrowser: Native class hierarchy populated in 0.0459 seconds. Added 1908 classes and 344 folders.
[2015.12.12-01.49.11:195][  0]LogContentBrowser: Native class hierarchy updated for 'WidgetCarousel' in 0.0005 seconds. Added 0 classes and 0 folders.
[2015.12.12-01.49.16:986][  0]LogContentBrowser: Native class hierarchy updated for 'AddContentDialog' in 0.0011 seconds. Added 0 classes and 0 folders.
[2015.12.12-01.49.17:482][  0]LogContentBrowser: Native class hierarchy updated for 'SceneOutliner' in 0.0011 seconds. Added 1 classes and 2 folders.
[2015.12.12-01.49.21:218][  0]LogCrashTracker: Crashtracker disabled due to settings.
[2015.12.12-01.49.22:095][  0]LogUObjectGlobals:Warning: Failed to find object 'Class None.'
[2015.12.12-01.49.22:425][  0]LogLoad: Full Startup: 161.53 seconds (BP compile: 2.39 seconds)
[2015.12.12-01.49.22:632][  0]LogOcInput: Can't find Oculus library dev build: is proper Runtime installed? Version: 0.8.0.0
[2015.12.12-01.49.25:184][  0]LogContentStreaming: Texture pool size now 1000 MB
[2015.12.12-01.49.26:788][  0]LogRenderer: Reallocating scene render targets to support 1208x572 (Frame:2).
[2015.12.12-01.49.29:350][  7]LogAssetRegistry: Asset discovery search completed in 102.5307 seconds
[2015.12.12-01.49.29:376][  7]LogCollectionManager: Rebuilt the object cache for 0 collections in 0.000000 seconds (found 0 objects)
[2015.12.12-01.49.29:376][  7]LogCollectionManager: Fixed up redirectors for 0 collections in 0.025576 seconds (updated 0 objects)
[2015.12.12-01.54.04:513][326]Cmd: MAP LOAD FILE="../../../../../../Users/Ninjin/Desktop/Sandventure/CoffeeJam2015/NewJam/Content/SideScrollerBP/Maps/SideScrollerExampleMap.umap" TEMPLATE=0 SHOWPROGRESS=1 FEATURELEVEL=3
[2015.12.12-01.54.04:513][326]LightingResults: New page: Lighting Build
[2015.12.12-01.54.04:553][326]LoadErrors: New page: Loading map: SideScrollerExampleMap.umap
[2015.12.12-01.54.04:553][326]MapCheck: New page: Map Check
[2015.12.12-01.54.04:553][326]LightingResults: New page: Lighting Build
[2015.12.12-01.54.04:563][326]LogParticles: Destroying 0 GPU particle simulations for FXSystem 0x0000008EC80D8FE0
[2015.12.12-01.54.04:592][326]LogAIModule: Creating AISystem for world SideScrollerExampleMap
[2015.12.12-01.54.04:634][326]LogEditorServer: Finished looking for orphan Actors (0.000 secs)
[2015.12.12-01.54.04:656][326]Cmd: MAP CHECKDEP NOCLEARLOG
[2015.12.12-01.54.04:696][326]MapCheck: Info Map check complete: 0 Error(s), 0 Warning(s), took 39.463ms to complete.
[2015.12.12-01.54.04:697][326]LogFileHelpers: Loading map 'SideScrollerExampleMap' took 0.184
[2015.12.12-01.54.15:684][351]LogActorComponent: UnregisterComponent: (/Engine/Transient.CharMoveComp) Not registered. Aborting.
[2015.12.12-01.54.15:695][351]Cmd: MAP LOAD FILE="../../../../../../Users/Ninjin/Desktop/Sandventure/CoffeeJam2015/NewJam/Content/SideScrollerBP/Maps/SideScrollerExampleMap.umap" TEMPLATE=0 SHOWPROGRESS=1 FEATURELEVEL=3
[2015.12.12-01.54.15:695][351]LightingResults: New page: Lighting Build
[2015.12.12-01.54.15:708][351]LoadErrors: New page: Loading map: SideScrollerExampleMap.umap
[2015.12.12-01.54.15:708][351]MapCheck: New page: Map Check
[2015.12.12-01.54.15:708][351]LightingResults: New page: Lighting Build
[2015.12.12-01.54.15:718][351]LogParticles: Destroying 0 GPU particle simulations for FXSystem 0x0000008ECDB51B20
[2015.12.12-01.54.15:743][351]LogAIModule: Creating AISystem for world SideScrollerExampleMap
[2015.12.12-01.54.15:814][351]LogEditorServer: Finished looking for orphan Actors (0.000 secs)
[2015.12.12-01.54.15:836][351]Cmd: MAP CHECKDEP NOCLEARLOG
[2015.12.12-01.54.15:878][351]MapCheck: Info Map check complete: 0 Error(s), 0 Warning(s), took 42.315ms to complete.
[2015.12.12-01.54.15:879][351]LogFileHelpers: Loading map 'SideScrollerExampleMap' took 0.185
[2015.12.12-01.54.40:762][722]LogWindowsTextInputMethodSystem:Display: IME system now deactivated.
[2015.12.12-01.54.40:763][722]LogWindowsTextInputMethodSystem:Display: IME system now deactivated.
[2015.12.12-01.54.41:381][723]Cmd: QUIT_EDITOR
[2015.12.12-01.54.41:887][723]LogExit: Preparing to exit.
[2015.12.12-01.54.42:898][723]LogExit: Editor shut down
[2015.12.12-01.54.42:899][723]LogExit: Transaction tracking system shut down
[2015.12.12-01.54.42:904][723]LogParticles: Destroying 0 GPU particle simulations for FXSystem 0x0000008E8401B100
[2015.12.12-01.54.42:933][723]LogParticles: Destroying 0 GPU particle simulations for FXSystem 0x0000008E8402E200
[2015.12.12-01.54.42:933][723]LogParticles: Destroying 0 GPU particle simulations for FXSystem 0x0000008EE3343B00
[2015.12.12-01.54.42:933][723]LogParticles: Destroying 0 GPU particle simulations for FXSystem 0x0000008ED6AA0C20
[2015.12.12-01.54.44:148][723]LogExit: Object subsystem successfully closed.
[2015.12.12-01.54.44:307][723]LogD3D11RHI: Shutdown
[2015.12.12-01.54.44:327][723]LogD3D11RHI: CleanupD3DDevice
[2015.12.12-01.54.44:444][723]LogD3D11RHI: ~FD3D11DynamicRHI
[2015.12.12-01.54.45:096][723]LogModuleManager: Shutting down and abandoning module CrashTracker (200)
[2015.12.12-01.54.45:096][723]LogModuleManager: Shutting down and abandoning module SceneOutliner (199)
[2015.12.12-01.54.45:096][723]LogModuleManager: Shutting down and abandoning module SuperSearch (198)
[2015.12.12-01.54.45:096][723]LogModuleManager: Shutting down and abandoning module WidgetCarousel (197)
[2015.12.12-01.54.45:103][723]LogModuleManager: Shutting down and abandoning module AddContentDialog (196)
[2015.12.12-01.54.45:107][723]LogModuleManager: Shutting down and abandoning module EditorWidgets (195)
[2015.12.12-01.54.45:107][723]LogModuleManager: Shutting down and abandoning module CollectionManager (194)
[2015.12.12-01.54.45:124][723]LogModuleManager: Shutting down and abandoning module StatsViewer (193)
[2015.12.12-01.54.45:135][723]LogModuleManager: Shutting down and abandoning module FoliageEdit (192)
[2015.12.12-01.54.45:154][723]LogModuleManager: Shutting down and abandoning module LandscapeEditor (191)
[2015.12.12-01.54.45:168][723]LogModuleManager: Shutting down and abandoning module ActorPickerMode (190)
[2015.12.12-01.54.45:168][723]LogModuleManager: Shutting down and abandoning module GeometryMode (189)
[2015.12.12-01.54.45:168][723]LogModuleManager: Shutting down and abandoning module TextureAlignMode (188)
[2015.12.12-01.54.45:168][723]LogModuleManager: Shutting down and abandoning module BspMode (187)
[2015.12.12-01.54.45:169][723]LogModuleManager: Shutting down and abandoning module PlacementMode (186)
[2015.12.12-01.54.45:169][723]LogModuleManager: Shutting down and abandoning module AutomationWorker (185)
[2015.12.12-01.54.45:169][723]LogModuleManager: Shutting down and abandoning module CharacterAI (184)
[2015.12.12-01.54.45:169][723]LogModuleManager: Shutting down and abandoning module SmartSnapping (183)
[2015.12.12-01.54.45:169][723]LogModuleManager: Shutting down and abandoning module ViewportSnapping (182)
[2015.12.12-01.54.45:169][723]LogModuleManager: Shutting down and abandoning module LogVisualizer (181)
[2015.12.12-01.54.45:181][723]LogModuleManager: Shutting down and abandoning module GameProjectGeneration (180)
[2015.12.12-01.54.45:190][723]LogModuleManager: Shutting down and abandoning module IntroTutorials (179)
[2015.12.12-01.54.45:198][723]LogModuleManager: Shutting down and abandoning module EditorLiveStreaming (178)
[2015.12.12-01.54.45:198][723]LogModuleManager: Shutting down and abandoning module IOSPlatformEditor (177)
[2015.12.12-01.54.45:205][723]LogModuleManager: Shutting down and abandoning module HTML5PlatformEditor (176)
[2015.12.12-01.54.45:205][723]LogModuleManager: Shutting down and abandoning module AndroidDeviceDetection (175)
[2015.12.12-01.54.46:001][723]LogModuleManager: Shutting down and abandoning module AndroidPlatformEditor (174)
[2015.12.12-01.54.46:001][723]LogModuleManager: Shutting down and abandoning module IOSRuntimeSettings (173)
[2015.12.12-01.54.46:001][723]LogModuleManager: Shutting down and abandoning module AndroidRuntimeSettings (172)
[2015.12.12-01.54.46:001][723]LogModuleManager: Shutting down and abandoning module MergeActors (171)
[2015.12.12-01.54.46:029][723]LogModuleManager: Shutting down and abandoning module SizeMap (170)
[2015.12.12-01.54.46:029][723]LogModuleManager: Shutting down and abandoning module TreeMap (169)
[2015.12.12-01.54.46:087][723]LogModuleManager: Shutting down and abandoning module ReferenceViewer (168)
[2015.12.12-01.54.46:125][723]LogModuleManager: Shutting down and abandoning module LocalizationService (167)
[2015.12.12-01.54.46:160][723]LogModuleManager: Shutting down and abandoning module LocalizationDashboard (166)
[2015.12.12-01.54.46:223][723]LogModuleManager: Shutting down and abandoning module HardwareTargeting (165)
[2015.12.12-01.54.46:280][723]LogModuleManager: Shutting down and abandoning module DeviceProfileEditor (164)
[2015.12.12-01.54.46:322][723]LogModuleManager: Shutting down and abandoning module UndoHistory (163)
[2015.12.12-01.54.46:325][723]LogModuleManager: Shutting down and abandoning module GameplayTagsEditor (162)
[2015.12.12-01.54.46:331][723]LogModuleManager: Shutting down and abandoning module UserFeedback (161)
[2015.12.12-01.54.46:331][723]LogModuleManager: Shutting down and abandoning module XmlParser (160)
[2015.12.12-01.54.46:331][723]LogModuleManager: Shutting down and abandoning module Blutility (159)
[2015.12.12-01.54.46:331][723]LogModuleManager: Shutting down and abandoning module ProjectTargetPlatformEditor (158)
[2015.12.12-01.54.46:340][723]LogModuleManager: Shutting down and abandoning module ProjectSettingsViewer (157)
[2015.12.12-01.54.46:340][723]LogModuleManager: Shutting down and abandoning module InputBindingEditor (156)
[2015.12.12-01.54.46:390][723]LogModuleManager: Shutting down and abandoning module EditorSettingsViewer (155)
[2015.12.12-01.54.46:391][723]LogModuleManager: Shutting down and abandoning module SettingsEditor (154)
[2015.12.12-01.54.46:403][723]LogModuleManager: Shutting down and abandoning module ProjectLauncher (153)
[2015.12.12-01.54.46:449][723]LogModuleManager: Shutting down and abandoning module SessionFrontend (152)
[2015.12.12-01.54.46:458][723]LogModuleManager: Shutting down and abandoning module ProfilerClient (151)
[2015.12.12-01.54.46:528][723]LogModuleManager: Shutting down and abandoning module TargetDeviceServices (150)
[2015.12.12-01.54.46:528][723]LogModuleManager: Shutting down and abandoning module DeviceManager (149)
[2015.12.12-01.54.46:563][723]LogModuleManager: Shutting down and abandoning module AutomationController (148)
[2015.12.12-01.54.46:573][723]LogModuleManager: Shutting down and abandoning module AutomationWindow (147)
[2015.12.12-01.54.46:656][723]LogModuleManager: Shutting down and abandoning module Layers (146)
[2015.12.12-01.54.46:780][723]LogModuleManager: Shutting down and abandoning module ComponentVisualizers (145)
[2015.12.12-01.54.46:780][723]LogModuleManager: Shutting down and abandoning module DetailCustomizations (144)
[2015.12.12-01.54.46:780][723]LogModuleManager: Shutting down and abandoning module PackagesDialog (143)
[2015.12.12-01.54.46:780][723]LogModuleManager: Shutting down and abandoning module Persona (142)
[2015.12.12-01.54.46:913][723]LogModuleManager: Shutting down and abandoning module Kismet (141)
[2015.12.12-01.54.46:933][723]LogModuleManager: Shutting down and abandoning module GraphEditor (140)
[2015.12.12-01.54.47:041][723]LogModuleManager: Shutting down and abandoning module ClassViewer (139)
[2015.12.12-01.54.47:088][723]LogModuleManager: Shutting down and abandoning module Toolbox (138)
[2015.12.12-01.54.47:089][723]LogModuleManager: Shutting down and abandoning module ModuleUI (137)
[2015.12.12-01.54.47:110][723]LogModuleManager: Shutting down and abandoning module MovieSceneTools (136)
[2015.12.12-01.54.47:159][723]LogModuleManager: Shutting down and abandoning module OutputLog (135)
[2015.12.12-01.54.47:159][723]LogModuleManager: Shutting down and abandoning module GammaUI (134)
[2015.12.12-01.54.47:166][723]LogModuleManager: Shutting down and abandoning module Documentation (133)
[2015.12.12-01.54.47:166][723]LogModuleManager: Shutting down and abandoning module GameLiveStreaming (132)
[2015.12.12-01.54.47:175][723]LogModuleManager: Shutting down and abandoning module StreamingPauseRendering (131)
[2015.12.12-01.54.47:175][723]LogModuleManager: Shutting down and abandoning module AnalyticsET (130)
[2015.12.12-01.54.47:175][723]LogModuleManager: Shutting down and abandoning module Analytics (129)
[2015.12.12-01.54.47:175][723]LogModuleManager: Shutting down and abandoning module AITestSuite (128)
[2015.12.12-01.54.47:187][723]LogModuleManager: Shutting down and abandoning module GameplayDebugger (127)
[2015.12.12-01.54.47:228][723]LogModuleManager: Shutting down and abandoning module AIModule (126)
[2015.12.12-01.54.47:233][723]LogModuleManager: Shutting down and abandoning module ProfilerService (125)
[2015.12.12-01.54.47:478][723]LogModuleManager: Shutting down and abandoning module TaskGraph (124)
[2015.12.12-01.54.47:529][723]LogModuleManager: Shutting down and abandoning module SubstanceEditor (123)
[2015.12.12-01.54.47:550][723]LogModuleManager: Shutting down and abandoning module SlateRemote (122)
[2015.12.12-01.54.47:550][723]LogModuleManager: Shutting down and abandoning module SteamVRController (121)
[2015.12.12-01.54.47:550][723]LogModuleManager: Shutting down and abandoning module SteamVR (120)
[2015.12.12-01.54.47:550][723]LogModuleManager: Shutting down and abandoning module ProceduralMeshComponent (119)
[2015.12.12-01.54.47:550][723]LogModuleManager: Shutting down and abandoning module OculusLibrary (118)
[2015.12.12-01.54.47:550][723]LogModuleManager: Shutting down and abandoning module OculusInput (117)
[2015.12.12-01.54.47:550][723]LogModuleManager: Shutting down and abandoning module LeapMotionController (116)
[2015.12.12-01.54.47:614][723]LogModuleManager: Shutting down and abandoning module CustomMeshComponent (115)
[2015.12.12-01.54.47:614][723]LogModuleManager: Shutting down and abandoning module CableComponent (114)
[2015.12.12-01.54.47:622][723]LogModuleManager: Shutting down and abandoning module ArchVisCharacter (113)
[2015.12.12-01.54.47:622][723]LogModuleManager: Shutting down and abandoning module MessagingDebugger (112)
[2015.12.12-01.54.47:645][723]LogModuleManager: Shutting down and abandoning module MediaPlayerEditor (111)
[2015.12.12-01.54.47:655][723]LogModuleManager: Shutting down and abandoning module HTML5Networking (110)
[2015.12.12-01.54.47:655][723]LogModuleManager: Shutting down and abandoning module SpeedTreeImporter (109)
[2015.12.12-01.54.47:655][723]LogModuleManager: Shutting down and abandoning module PluginBrowser (108)
[2015.12.12-01.54.47:671][723]LogModuleManager: Shutting down and abandoning module EpicSurvey (107)
[2015.12.12-01.54.47:680][723]LogModuleManager: Shutting down and abandoning module DesktopPlatform (106)
[2015.12.12-01.54.47:717][723]LogModuleManager: Shutting down and abandoning module VisualStudioSourceCodeAccess (105)
[2015.12.12-01.54.47:717][723]LogModuleManager: Shutting down and abandoning module UObjectPlugin (104)
[2015.12.12-01.54.47:717][723]LogModuleManager: Shutting down and abandoning module SubversionSourceControl (103)
[2015.12.12-01.54.47:730][723]LogModuleManager: Shutting down and abandoning module PerforceSourceControl (102)
[2015.12.12-01.54.47:744][723]LogModuleManager: Shutting down and abandoning module SourceControl (101)
[2015.12.12-01.54.47:755][723]LogModuleManager: Shutting down and abandoning module GitSourceControl (100)
[2015.12.12-01.54.47:773][723]LogModuleManager: Shutting down and abandoning module LightPropagationVolumeEditor (99)
[2015.12.12-01.54.47:773][723]LogModuleManager: Shutting down and abandoning module PaperTiledImporter (98)
[2015.12.12-01.54.47:779][723]LogModuleManager: Shutting down and abandoning module PaperSpriteSheetImporter (97)
[2015.12.12-01.54.47:779][723]LogModuleManager: Shutting down and abandoning module MeshPaint (96)
[2015.12.12-01.54.47:779][723]LogModuleManager: Shutting down and abandoning module SlateReflector (95)
[2015.12.12-01.54.47:793][723]LogModuleManager: Shutting down and abandoning module HotReload (94)
[2015.12.12-01.54.47:797][723]LogModuleManager: Shutting down and abandoning module MainFrame (93)
[2015.12.12-01.54.47:797][723]LogModuleManager: Shutting down and abandoning module LevelEditor (92)
[2015.12.12-01.54.47:811][723]LogModuleManager: Shutting down and abandoning module ContentBrowser (91)
[2015.12.12-01.54.47:812][723]LogModuleManager: Shutting down and abandoning module Paper2DEditor (90)
[2015.12.12-01.54.47:829][723]LogModuleManager: Shutting down and abandoning module UdpMessaging (89)
[2015.12.12-01.54.47:929][723]LogModuleManager: Shutting down and abandoning module DirectoryWatcher (88)
[2015.12.12-01.54.47:930][723]LogModuleManager: Shutting down and abandoning module AssetRegistry (87)
[2015.12.12-01.54.48:004][723]LogModuleManager: Shutting down and abandoning module SubstanceCore (86)
[2015.12.12-01.54.48:041][723]LogModuleManager: Shutting down and abandoning module LightPropagationVolumeRuntime (85)
[2015.12.12-01.54.48:041][723]LogModuleManager: Shutting down and abandoning module Paper2D (84)
[2015.12.12-01.54.48:073][723]LogModuleManager: Shutting down and abandoning module WindowsMoviePlayer (83)
[2015.12.12-01.54.48:075][723]LogModuleManager: Shutting down and abandoning module Media (82)
[2015.12.12-01.54.48:075][723]LogModuleManager: Shutting down and abandoning module WmfMedia (81)
[2015.12.12-01.54.48:084][723]LogModuleManager: Shutting down and abandoning module OnlineBlueprintSupport (80)
[2015.12.12-01.54.48:084][723]LogModuleManager: Shutting down and abandoning module GameplayTasksEditor (79)
[2015.12.12-01.54.48:084][723]LogModuleManager: Shutting down and abandoning module PropertyEditor (78)
[2015.12.12-01.54.48:084][723]LogModuleManager: Shutting down and abandoning module BehaviorTreeEditor (77)
[2015.12.12-01.54.48:104][723]LogModuleManager: Shutting down and abandoning module FunctionalTesting (76)
[2015.12.12-01.54.48:104][723]LogModuleManager: Shutting down and abandoning module CollisionAnalyzer (75)
[2015.12.12-01.54.48:113][723]LogModuleManager: Shutting down and abandoning module WorkspaceMenuStructure (74)
[2015.12.12-01.54.48:114][723]LogModuleManager: Shutting down and abandoning module MessageLog (73)
[2015.12.12-01.54.48:114][723]LogModuleManager: Shutting down and abandoning module Sequencer (72)
[2015.12.12-01.54.48:131][723]LogModuleManager: Shutting down and abandoning module AssetTools (71)
[2015.12.12-01.54.48:141][723]LogModuleManager: Shutting down and abandoning module UMGEditor (70)
[2015.12.12-01.54.48:196][723]LogModuleManager: Shutting down and abandoning module UMG (69)
[2015.12.12-01.54.48:211][723]LogModuleManager: Shutting down and abandoning module Slate (68)
[2015.12.12-01.54.48:212][723]LogModuleManager: Shutting down and abandoning module EditorStyle (67)
[2015.12.12-01.54.48:219][723]LogModuleManager: Shutting down and abandoning module SessionServices (66)
[2015.12.12-01.54.48:219][723]LogModuleManager: Shutting down and abandoning module SourceCodeAccess (65)
[2015.12.12-01.54.48:219][723]LogModuleManager: Shutting down and abandoning module HeadMountedDisplay (64)
[2015.12.12-01.54.48:219][723]LogModuleManager: Shutting down and abandoning module XAudio2 (63)
[2015.12.12-01.54.48:219][723]LogModuleManager: Shutting down and abandoning module Networking (61)
[2015.12.12-01.54.48:219][723]LogModuleManager: Shutting down and abandoning module Core (60)
[2015.12.12-01.54.48:219][723]LogModuleManager: Shutting down and abandoning module KismetCompiler (59)
[2015.12.12-01.54.48:219][723]LogModuleManager: Shutting down and abandoning module PhysXFormats (58)
[2015.12.12-01.54.48:219][723]LogModuleManager: Shutting down and abandoning module MeshUtilities (57)
[2015.12.12-01.54.48:231][723]LogModuleManager: Shutting down and abandoning module DerivedDataCache (56)
[2015.12.12-01.54.48:266][723]LogDerivedDataCache: Shutdown
[2015.12.12-01.54.48:267][723]LogModuleManager: Shutting down and abandoning module ShaderFormatOpenGL (55)
[2015.12.12-01.54.48:272][723]LogModuleManager: Shutting down and abandoning module ShaderFormatD3D (54)
[2015.12.12-01.54.48:272][723]LogModuleManager: Shutting down and abandoning module MetalShaderFormat (53)
[2015.12.12-01.54.48:280][723]LogModuleManager: Shutting down and abandoning module TextureFormatUncompressed (52)
[2015.12.12-01.54.48:280][723]LogModuleManager: Shutting down and abandoning module TextureFormatPVR (51)
[2015.12.12-01.54.48:280][723]LogModuleManager: Shutting down and abandoning module TextureFormatIntelISPCTexComp (50)
[2015.12.12-01.54.48:280][723]LogModuleManager: Shutting down and abandoning module TextureFormatDXT (49)
[2015.12.12-01.54.48:280][723]LogModuleManager: Shutting down and abandoning module ImageWrapper (48)
[2015.12.12-01.54.48:281][723]LogModuleManager: Shutting down and abandoning module TextureFormatASTC (47)
[2015.12.12-01.54.48:281][723]LogModuleManager: Shutting down and abandoning module TextureFormatAndroid (46)
[2015.12.12-01.54.48:281][723]LogModuleManager: Shutting down and abandoning module AudioFormatOpus (45)
[2015.12.12-01.54.48:284][723]LogModuleManager: Shutting down and abandoning module AudioFormatOgg (44)
[2015.12.12-01.54.48:284][723]LogModuleManager: Shutting down and abandoning module AudioFormatADPCM (43)
[2015.12.12-01.54.48:284][723]LogModuleManager: Shutting down and abandoning module LinuxTargetPlatform (42)
[2015.12.12-01.54.48:284][723]LogModuleManager: Shutting down and abandoning module LinuxServerTargetPlatform (41)
[2015.12.12-01.54.48:284][723]LogModuleManager: Shutting down and abandoning module LinuxNoEditorTargetPlatform (40)
[2015.12.12-01.54.48:284][723]LogModuleManager: Shutting down and abandoning module Messaging (39)
[2015.12.12-01.54.48:284][723]LogModuleManager: Shutting down and abandoning module IOSTargetPlatform (38)
[2015.12.12-01.54.48:284][723]LogModuleManager: Shutting down and abandoning module HTML5TargetPlatform (37)
[2015.12.12-01.54.48:284][723]LogModuleManager: Shutting down and abandoning module Android_PVRTCTargetPlatform (36)
[2015.12.12-01.54.48:284][723]LogModuleManager: Shutting down and abandoning module Android_MultiTargetPlatform (35)
[2015.12.12-01.54.48:285][723]LogModuleManager: Shutting down and abandoning module Android_ETC2TargetPlatform (34)
[2015.12.12-01.54.48:285][723]LogModuleManager: Shutting down and abandoning module Android_ETC1TargetPlatform (33)
[2015.12.12-01.54.48:285][723]LogModuleManager: Shutting down and abandoning module Android_DXTTargetPlatform (32)
[2015.12.12-01.54.48:285][723]LogModuleManager: Shutting down and abandoning module Android_ATCTargetPlatform (31)
[2015.12.12-01.54.48:285][723]LogModuleManager: Shutting down and abandoning module Android_ASTCTargetPlatform (30)
[2015.12.12-01.54.48:285][723]LogModuleManager: Shutting down and abandoning module AndroidTargetPlatform (29)
[2015.12.12-01.54.48:285][723]LogModuleManager: Shutting down and abandoning module WindowsTargetPlatform (28)
[2015.12.12-01.54.48:285][723]LogModuleManager: Shutting down and abandoning module WindowsServerTargetPlatform (27)
[2015.12.12-01.54.48:285][723]LogModuleManager: Shutting down and abandoning module WindowsNoEditorTargetPlatform (26)
[2015.12.12-01.54.48:285][723]LogModuleManager: Shutting down and abandoning module WindowsClientTargetPlatform (25)
[2015.12.12-01.54.48:285][723]LogModuleManager: Shutting down and abandoning module AllDesktopTargetPlatform (24)
[2015.12.12-01.54.48:285][723]LogModuleManager: Shutting down and abandoning module TargetPlatform (23)
[2015.12.12-01.54.48:285][723]LogModuleManager: Shutting down and abandoning module InputCore (22)
[2015.12.12-01.54.48:285][723]LogModuleManager: Shutting down and abandoning module Settings (21)
[2015.12.12-01.54.48:285][723]LogModuleManager: Shutting down and abandoning module OnlineSubsystem (19)
[2015.12.12-01.54.48:285][723]LogModuleManager: Shutting down and abandoning module HTTP (18)
[2015.12.12-01.54.50:289][723]LogModuleManager: Shutting down and abandoning module XMPP (17)
[2015.12.12-01.54.50:319][723]LogModuleManager: Shutting down and abandoning module OculusRift (16)
[2015.12.12-01.54.50:336][723]LogModuleManager: Shutting down and abandoning module ExampleDeviceProfileSelector (15)
[2015.12.12-01.54.50:336][723]LogModuleManager: Shutting down and abandoning module TextureCompressor (14)
[2015.12.12-01.54.50:344][723]LogModuleManager: Shutting down and abandoning module ShaderCore (13)
[2015.12.12-01.54.50:344][723]LogModuleManager: Shutting down and abandoning module Landscape (12)
[2015.12.12-01.54.50:344][723]LogModuleManager: Shutting down and abandoning module SlateRHIRenderer (11)
[2015.12.12-01.54.50:355][723]LogModuleManager: Shutting down and abandoning module OpenGLDrv (10)
[2015.12.12-01.54.50:362][723]LogModuleManager: Shutting down and abandoning module D3D11RHI (9)
[2015.12.12-01.54.50:363][723]LogModuleManager: Shutting down and abandoning module AnimGraphRuntime (8)
[2015.12.12-01.54.50:372][723]LogModuleManager: Shutting down and abandoning module Renderer (7)
[2015.12.12-01.54.50:372][723]LogModuleManager: Shutting down and abandoning module Engine (6)
[2015.12.12-01.54.50:372][723]LogModuleManager: Shutting down and abandoning module CoreUObject (5)
[2015.12.12-01.54.50:372][723]LogModuleManager: Shutting down and abandoning module NetworkFile (4)
[2015.12.12-01.54.50:382][723]LogModuleManager: Shutting down and abandoning module StreamingFile (3)
[2015.12.12-01.54.50:382][723]LogModuleManager: Shutting down and abandoning module SandboxFile (2)
[2015.12.12-01.54.50:387][723]LogModuleManager: Shutting down and abandoning module PakFile (1)
[2015.12.12-01.54.50:391][723]LogExit: Exiting.
[2015.12.12-01.54.50:412][723]Log file closed, 12/12/15 02:54:50
