[2015.12.12-01.26.42:404][  0]Log file open, 12/11/15 18:26:42
[2015.12.12-01.26.42:404][  0]LogInit:Display: Running engine for game: NewJam
[2015.12.12-01.26.42:404][  0]LogPlatformFile: Not using cached read wrapper
[2015.12.12-01.26.42:404][  0]LogInit:Display: RandInit(-2053207988) SRandInit(-2053207986).
[2015.12.12-01.26.42:404][  0]LogTaskGraph: Started task graph with 4 named threads and 7 total threads.
[2015.12.12-01.26.42:404][  0]LogStats: Stats thread started at 0.136693
[2015.12.12-01.26.42:404][  0]LogInit: Version: 4.10.1-2791327+++depot+UE4-Releases+4.10
[2015.12.12-01.26.42:404][  0]LogInit: API Version: 2758231
[2015.12.12-01.26.42:404][  0]LogInit: Compiled (64-bit): Dec  4 2015 19:44:40
[2015.12.12-01.26.42:404][  0]LogInit: Compiled with Visual C++: 19.00.23026.00
[2015.12.12-01.26.42:404][  0]LogInit: Build Configuration: Development
[2015.12.12-01.26.42:404][  0]LogInit: Branch Name: ++depot+UE4-Releases+4.10
[2015.12.12-01.26.42:404][  0]LogInit: Command line: 
[2015.12.12-01.26.42:404][  0]LogInit: Base directory: C:/Program Files/Epic Games/4.10/Engine/Binaries/Win64/
[2015.12.12-01.26.42:404][  0]LogInit: Rocket: 1
[2015.12.12-01.26.42:414][  0]LogInit: Using libcurl 7.41.0
[2015.12.12-01.26.42:414][  0]LogInit:  - built for x86_64-pc-win32
[2015.12.12-01.26.42:414][  0]LogInit:  - supports SSL with WinSSL
[2015.12.12-01.26.42:414][  0]LogInit:  - other features:
[2015.12.12-01.26.42:414][  0]LogInit:      CURL_VERSION_SSL
[2015.12.12-01.26.42:414][  0]LogInit:      CURL_VERSION_IPV6
[2015.12.12-01.26.42:414][  0]LogInit:      CURL_VERSION_ASYNCHDNS
[2015.12.12-01.26.42:414][  0]LogInit:      CURL_VERSION_LARGEFILE
[2015.12.12-01.26.42:414][  0]LogInit:      CURL_VERSION_IDN
[2015.12.12-01.26.42:414][  0]LogInit:  CurlRequestOptions (configurable via config and command line):
[2015.12.12-01.26.42:414][  0]LogInit:  - bVerifyPeer = true  - Libcurl will verify peer certificate
[2015.12.12-01.26.42:414][  0]LogInit:  - bUseHttpProxy = false  - Libcurl will NOT use HTTP proxy
[2015.12.12-01.26.42:414][  0]LogInit:  - bDontReuseConnections = false  - Libcurl will reuse connections
[2015.12.12-01.26.42:414][  0]LogInit:  - CertBundlePath = nullptr  - Libcurl will use whatever was configured at build time.
[2015.12.12-01.26.42:425][  0]LogInit: Presizing for 0 objects not considered by GC, pre-allocating 0 bytes.
[2015.12.12-01.26.42:433][  0]LogInit: Object subsystem initialized
[2015.12.12-01.26.42:437][  0]LogInit: Selected Device Profile: [Windows]
[2015.12.12-01.26.42:437][  0]LogInit: Applying CVar settings loaded from the selected device profile: [Windows]
[2015.12.12-01.26.42:466][  0]LogInit: Computer: CLOUD9
[2015.12.12-01.26.42:466][  0]LogInit: User: Matthew
[2015.12.12-01.26.42:466][  0]LogInit: CPU Page size=4096, Cores=4
[2015.12.12-01.26.42:466][  0]LogInit: High frequency timer resolution =2.338345 MHz
[2015.12.12-01.26.42:466][  0]LogMemory: Memory total: Physical=7.9GB (8GB approx)
[2015.12.12-01.26.42:466][  0]LogMemory: Platform Memory Stats for Windows
[2015.12.12-01.26.42:466][  0]LogMemory: Process Physical Memory: 56.53 MB used, 56.53 MB peak
[2015.12.12-01.26.42:466][  0]LogMemory: Process Virtual Memory: 56.82 MB used, 56.82 MB peak
[2015.12.12-01.26.42:466][  0]LogMemory: Physical Memory: 6002.68 MB used, 8075.18 MB total
[2015.12.12-01.26.42:466][  0]LogMemory: Virtual Memory: 368.45 MB used, 134217728.00 MB total
[2015.12.12-01.26.42:523][  0]LogTextLocalizationManager: No specific translations for ('en-US') exist, so ('en') translations will be used.
[2015.12.12-01.26.43:073][  0]LogD3D11RHI: Found D3D11 adapter 0: Intel(R) HD Graphics 4600 (Feature Level 11_0)
[2015.12.12-01.26.43:073][  0]LogD3D11RHI: Adapter has 32MB of dedicated video memory, 0MB of dedicated system memory, and 1760MB of shared system memory, 1 output[s]
[2015.12.12-01.26.43:093][  0]LogD3D11RHI: Found D3D11 adapter 1: NVIDIA GeForce GT 750M (Feature Level 11_0)
[2015.12.12-01.26.43:094][  0]LogD3D11RHI: Adapter has 1988MB of dedicated video memory, 0MB of dedicated system memory, and 2048MB of shared system memory, 0 output[s]
[2015.12.12-01.26.43:096][  0]LogD3D11RHI: Found D3D11 adapter 2: Microsoft Basic Render Driver (Feature Level 11_0)
[2015.12.12-01.26.43:096][  0]LogD3D11RHI: Adapter has 0MB of dedicated video memory, 0MB of dedicated system memory, and 256MB of shared system memory, 0 output[s]
[2015.12.12-01.26.43:096][  0]LogD3D11RHI: Chosen D3D11 Adapter Id = 0
[2015.12.12-01.26.43:107][  0]LogD3D11RHI: !Direct3DDevice
[2015.12.12-01.26.43:107][  0]LogRHI: Texture pool is 1361 MB (70% of 1945 MB)
[2015.12.12-01.26.43:130][  0]LogD3D11RHI: Async texture creation enabled
[2015.12.12-01.26.43:147][  0]LogShaderCompilers: Guid format shader working directory is -22 characters bigger than the processId version (../../../../../../Users/Matthew/Documents/GitHub/CoffeeJam2015/NewJam/Intermediate/Shaders/WorkingDirectory/26160/).
[2015.12.12-01.26.43:148][  0]LogShaderCompilers: Cleaned the shader compiler working directory 'C:/Users/Matthew/AppData/Local/Temp/UnrealShaderWorkingDir/53F2D0684EBE77055C170E8FC6BDF09F/'.
[2015.12.12-01.26.43:148][  0]LogShaderCompilers:Display: Using Local Shader Compiler.
[2015.12.12-01.26.44:117][  0]LogTemp:Display: Loaded TP AllDesktopTargetPlatform
[2015.12.12-01.26.44:124][  0]LogTemp:Display: Loaded TP WindowsClientTargetPlatform
[2015.12.12-01.26.44:131][  0]LogTemp:Display: Loaded TP WindowsNoEditorTargetPlatform
[2015.12.12-01.26.44:137][  0]LogTemp:Display: Loaded TP WindowsServerTargetPlatform
[2015.12.12-01.26.44:142][  0]LogTemp:Display: Loaded TP WindowsTargetPlatform
[2015.12.12-01.26.44:146][  0]LogTemp:Display: Loaded TP AndroidTargetPlatform
[2015.12.12-01.26.44:152][  0]LogTemp:Display: Loaded TP Android_ASTCTargetPlatform
[2015.12.12-01.26.44:157][  0]LogTemp:Display: Loaded TP Android_ATCTargetPlatform
[2015.12.12-01.26.44:161][  0]LogTemp:Display: Loaded TP Android_DXTTargetPlatform
[2015.12.12-01.26.44:165][  0]LogTemp:Display: Loaded TP Android_ETC1TargetPlatform
[2015.12.12-01.26.44:170][  0]LogTemp:Display: Loaded TP Android_ETC2TargetPlatform
[2015.12.12-01.26.44:179][  0]LogTemp:Display: Loaded TP Android_MultiTargetPlatform
[2015.12.12-01.26.44:179][  0]LogTemp:Display: Loaded TP Android_PVRTCTargetPlatform
[2015.12.12-01.26.44:181][  0]LogTemp:Display: Loaded TP HTML5TargetPlatform
[2015.12.12-01.26.44:201][  0]LogTemp:Display: Loaded TP IOSTargetPlatform
[2015.12.12-01.26.44:205][  0]LogTemp:Display: Loaded TP LinuxNoEditorTargetPlatform
[2015.12.12-01.26.44:208][  0]LogTemp:Display: Loaded TP LinuxServerTargetPlatform
[2015.12.12-01.26.44:212][  0]LogTemp:Display: Loaded TP LinuxTargetPlatform
[2015.12.12-01.26.44:212][  0]LogTargetPlatformManager:Display: Building Assets For Windows
[2015.12.12-01.26.44:320][  0]LogDerivedDataCache:Display: Max Cache Size: 512 MB
[2015.12.12-01.26.44:388][  0]LogDerivedDataCache: Loaded boot cache 0.07s 41MB C:/Users/Matthew/AppData/Local/UnrealEngine/4.10/DerivedDataCache/Boot.ddc.
[2015.12.12-01.26.44:388][  0]LogDerivedDataCache:Display: Loaded Boot cache: C:/Users/Matthew/AppData/Local/UnrealEngine/4.10/DerivedDataCache/Boot.ddc
[2015.12.12-01.26.44:388][  0]LogDerivedDataCache: FDerivedDataBackendGraph:  Pak pak cache file ../../../../../../Users/Matthew/Documents/GitHub/CoffeeJam2015/NewJam/DerivedDataCache/DDC.ddp not found, will not use a pak cache.
[2015.12.12-01.26.44:388][  0]LogDerivedDataCache: Unable to find inner node Pak for hierarchical cache Hierarchy.
[2015.12.12-01.26.44:388][  0]LogDerivedDataCache: FDerivedDataBackendGraph:  CompressedPak pak cache file ../../../../../../Users/Matthew/Documents/GitHub/CoffeeJam2015/NewJam/DerivedDataCache/Compressed.ddp not found, will not use a pak cache.
[2015.12.12-01.26.44:388][  0]LogDerivedDataCache: Unable to find inner node CompressedPak for hierarchical cache Hierarchy.
[2015.12.12-01.26.44:454][  0]LogDerivedDataCache:Display: Pak cache opened for reading ../../../Engine/DerivedDataCache/Compressed.ddp.
[2015.12.12-01.26.44:467][  0]LogDerivedDataCache: Using Local data cache path C:/Users/Matthew/AppData/Local/UnrealEngine/Common/DerivedDataCache: Writable
[2015.12.12-01.26.44:680][  0]LogInit: Selected Device Profile: [Windows]
[2015.12.12-01.26.44:683][  0]LogContentStreaming: Texture pool size is 0.000000MB
[2015.12.12-01.26.44:833][  0]LogMeshUtilities: No automatic mesh reduction module available
[2015.12.12-01.26.44:833][  0]LogMeshUtilities: No automatic mesh merging module available
[2015.12.12-01.26.45:113][  0]LogInit: WinSock: version 1.1 (2.2), MaxSocks=32767, MaxUdp=65467
[2015.12.12-01.26.46:053][  0]LogAssetRegistry: FAssetRegistry took 0.0110 seconds to start up
[2015.12.12-01.26.46:156][  0]UdpMessaging: Initializing bridge on interface 0.0.0.0:0 to multicast group 230.0.0.1:6666.
[2015.12.12-01.26.46:525][  0]SourceControl: Info Source control is disabled
[2015.12.12-01.26.46:526][  0]SourceControl: Info Source control is disabled
[2015.12.12-01.26.46:541][  0]SourceControl: Info Source control is disabled
[2015.12.12-01.26.46:557][  0]SourceControl: Info Source control is disabled
[2015.12.12-01.26.46:983][  0]LogObj: 28802 objects as part of root set at end of initial load.
[2015.12.12-01.26.46:983][  0]LogUObjectAllocator: 6129768 out of 0 bytes used by permanent object pool.
[2015.12.12-01.26.47:041][  0]LogEngine: Initializing Engine...
[2015.12.12-01.26.47:052][  0]LogHMD: Can't find Oculus library dev build: is proper Runtime installed? Version: 0.8.0.0
[2015.12.12-01.26.47:053][  0]LogHMD: SteamVR failed to initialize.  Err: 110
[2015.12.12-01.26.47:181][  0]LogAIModule: Creating AISystem for world NewWorld
[2015.12.12-01.26.47:185][  0]LogInit: XAudio2 using 'Speakers (Realtek High Definition Audio)' : 2 channels at 48 kHz using 32 bits per sample (channel mask 0x3)
[2015.12.12-01.26.47:193][  0]LogInit: FAudioDevice initialized.
[2015.12.12-01.26.47:217][  0]LogDerivedDataCache: Saved boot cache 0.02s 41MB C:/Users/Matthew/AppData/Local/UnrealEngine/4.10/DerivedDataCache/Boot.ddc.
[2015.12.12-01.26.47:222][  0]LogInit: Texture streaming: Enabled
[2015.12.12-01.26.47:230][  0]LogAnalytics: Creating configured Analytics provider AnalyticsET
[2015.12.12-01.26.47:230][  0]LogAnalytics: [UEEditor.Rocket.Release] APIServer = http://et2.epicgames.com/ET2/. AppVersion = 4.10.1-2791327+++depot+UE4-Releases+4.10
[2015.12.12-01.26.47:230][  0]LogAnalytics: [UEEditor.Rocket.Release] SetUserId b00729ee43123bf567b6779f83a7fe31|62291b1299124bb987eb3840dc21af0e|10dca3ff-59a3-463a-a188-a74ae374cfa5
[2015.12.12-01.26.47:230][  0]LogAnalytics: [UEEditor.Rocket.Release] AnalyticsET::StartSession
[2015.12.12-01.26.47:252][  0]LogWindowsTextInputMethodSystem:Display: IME system now deactivated.
[2015.12.12-01.26.47:252][  0]LogWindowsTextInputMethodSystem:Display: IME system now deactivated.
[2015.12.12-01.26.47:275][  0]LogInit: Transaction tracking system initialized
[2015.12.12-01.26.47:313][  0]BlueprintLog: New page: Editor Load
[2015.12.12-01.26.47:891][  0]LocalizationService: Info Localization service is disabled
[2015.12.12-01.26.48:071][  0]LogConsoleResponse:Display: 
[2015.12.12-01.26.48:687][  0]LogFileCache: Scanning file cache for directory 'C:/Users/Matthew/Documents/GitHub/CoffeeJam2015/NewJam/Content/' took 0.01s
[2015.12.12-01.26.48:687][  0]LogCook:Display: Done creating registry. It took  0.00s.
[2015.12.12-01.26.48:879][  0]SourceControl: Info Source control is disabled
[2015.12.12-01.26.48:879][  0]Cmd: MAP LOAD FILE="../../../../../../Users/Matthew/Documents/GitHub/CoffeeJam2015/NewJam/Content/SideScrollerBP/Maps/SideScrollerExampleMap.umap" TEMPLATE=0 SHOWPROGRESS=1 FEATURELEVEL=3
[2015.12.12-01.26.48:880][  0]LightingResults: New page: Lighting Build
[2015.12.12-01.26.48:884][  0]MapCheck: New page: Map Check
[2015.12.12-01.26.48:884][  0]LightingResults: New page: Lighting Build
[2015.12.12-01.26.48:899][  0]LogParticles: Destroying 0 GPU particle simulations for FXSystem 0x00000061AB39FB00
[2015.12.12-01.26.56:146][  0]LogAIModule: Creating AISystem for world SideScrollerExampleMap
[2015.12.12-01.26.57:945][  0]LogEditorServer: Finished looking for orphan Actors (0.000 secs)
[2015.12.12-01.26.58:000][  0]Cmd: MAP CHECKDEP NOCLEARLOG
[2015.12.12-01.26.58:095][  0]MapCheck: Info Map check complete: 0 Error(s), 0 Warning(s), took 94.247ms to complete.
[2015.12.12-01.26.58:095][  0]LogFileHelpers: Loading map 'SideScrollerExampleMap' took 9.216
[2015.12.12-01.27.03:883][  0]LogCollectionManager: Loaded 0 collections in 0.002367 seconds
[2015.12.12-01.27.04:757][  0]LogFileCache: Scanning file cache for directory 'C:/Users/Matthew/Documents/GitHub/CoffeeJam2015/NewJam/Saved/Collections/' took 0.01s
[2015.12.12-01.27.04:757][  0]LogFileCache: Scanning file cache for directory 'C:/Users/Matthew/Documents/GitHub/CoffeeJam2015/NewJam/Content/Developers/Matthew/Collections/' took 0.01s
[2015.12.12-01.27.04:757][  0]LogFileCache: Scanning file cache for directory 'C:/Users/Matthew/Documents/GitHub/CoffeeJam2015/NewJam/Content/Collections/' took 0.01s
[2015.12.12-01.27.04:757][  0]LogCollectionManager: Rebuilt the GUID cache for 0 collections in 0.000002 seconds
[2015.12.12-01.27.04:899][  0]LogContentBrowser: Native class hierarchy populated in 0.0982 seconds. Added 1908 classes and 344 folders.
[2015.12.12-01.27.05:209][  0]LogContentBrowser: Native class hierarchy updated for 'WidgetCarousel' in 0.0006 seconds. Added 0 classes and 0 folders.
[2015.12.12-01.27.05:275][  0]LogContentBrowser: Native class hierarchy updated for 'AddContentDialog' in 0.0005 seconds. Added 0 classes and 0 folders.
[2015.12.12-01.27.05:703][  0]LogContentBrowser: Native class hierarchy updated for 'SceneOutliner' in 0.0006 seconds. Added 1 classes and 2 folders.
[2015.12.12-01.27.13:474][  0]LogCrashTracker: Crashtracker disabled due to settings.
[2015.12.12-01.27.14:152][  0]LogUObjectGlobals:Warning: Failed to find object 'Class None.'
[2015.12.12-01.27.14:324][  0]LogLoad: Full Startup: 32.59 seconds (BP compile: 2.11 seconds)
[2015.12.12-01.27.14:351][  0]LogOcInput: Can't find Oculus library dev build: is proper Runtime installed? Version: 0.8.0.0
[2015.12.12-01.27.16:210][  0]LogContentStreaming: Texture pool size now 1000 MB
[2015.12.12-01.27.18:912][  0]LogRenderer: Reallocating scene render targets to support 1040x456 (Frame:2).
[2015.12.12-01.27.22:031][ 55]LogAssetRegistry: Asset discovery search completed in 35.9895 seconds
[2015.12.12-01.27.22:031][ 55]LogCollectionManager: Rebuilt the object cache for 0 collections in 0.000001 seconds (found 0 objects)
[2015.12.12-01.27.22:031][ 55]LogCollectionManager: Fixed up redirectors for 0 collections in 0.000026 seconds (updated 0 objects)
[2015.12.12-01.33.39:927][403]LogWindowsTextInputMethodSystem:Display: IME system now deactivated.
[2015.12.12-01.33.39:927][403]LogWindowsTextInputMethodSystem:Display: IME system now deactivated.
[2015.12.12-01.33.40:279][404]Cmd: QUIT_EDITOR
[2015.12.12-01.33.40:425][404]LogExit: Preparing to exit.
[2015.12.12-01.33.41:575][404]LogExit: Editor shut down
[2015.12.12-01.33.41:576][404]LogExit: Transaction tracking system shut down
[2015.12.12-01.33.41:577][404]LogParticles: Destroying 0 GPU particle simulations for FXSystem 0x00000061B0CBB2E0
[2015.12.12-01.33.41:577][404]LogParticles: Destroying 0 GPU particle simulations for FXSystem 0x00000061B8F47880
[2015.12.12-01.33.41:716][404]LogExit: Object subsystem successfully closed.
[2015.12.12-01.33.41:736][404]LogD3D11RHI: Shutdown
[2015.12.12-01.33.41:736][404]LogD3D11RHI: CleanupD3DDevice
[2015.12.12-01.33.41:773][404]LogD3D11RHI: ~FD3D11DynamicRHI
[2015.12.12-01.33.41:804][404]LogModuleManager: Shutting down and abandoning module CrashTracker (200)
[2015.12.12-01.33.41:804][404]LogModuleManager: Shutting down and abandoning module SceneOutliner (199)
[2015.12.12-01.33.41:804][404]LogModuleManager: Shutting down and abandoning module SuperSearch (198)
[2015.12.12-01.33.41:804][404]LogModuleManager: Shutting down and abandoning module WidgetCarousel (197)
[2015.12.12-01.33.41:804][404]LogModuleManager: Shutting down and abandoning module AddContentDialog (196)
[2015.12.12-01.33.41:805][404]LogModuleManager: Shutting down and abandoning module EditorWidgets (195)
[2015.12.12-01.33.41:805][404]LogModuleManager: Shutting down and abandoning module CollectionManager (194)
[2015.12.12-01.33.41:805][404]LogModuleManager: Shutting down and abandoning module StatsViewer (193)
[2015.12.12-01.33.41:805][404]LogModuleManager: Shutting down and abandoning module FoliageEdit (192)
[2015.12.12-01.33.41:805][404]LogModuleManager: Shutting down and abandoning module LandscapeEditor (191)
[2015.12.12-01.33.41:805][404]LogModuleManager: Shutting down and abandoning module ActorPickerMode (190)
[2015.12.12-01.33.41:805][404]LogModuleManager: Shutting down and abandoning module GeometryMode (189)
[2015.12.12-01.33.41:805][404]LogModuleManager: Shutting down and abandoning module TextureAlignMode (188)
[2015.12.12-01.33.41:805][404]LogModuleManager: Shutting down and abandoning module BspMode (187)
[2015.12.12-01.33.41:805][404]LogModuleManager: Shutting down and abandoning module PlacementMode (186)
[2015.12.12-01.33.41:805][404]LogModuleManager: Shutting down and abandoning module AutomationWorker (185)
[2015.12.12-01.33.41:805][404]LogModuleManager: Shutting down and abandoning module CharacterAI (184)
[2015.12.12-01.33.41:805][404]LogModuleManager: Shutting down and abandoning module SmartSnapping (183)
[2015.12.12-01.33.41:805][404]LogModuleManager: Shutting down and abandoning module ViewportSnapping (182)
[2015.12.12-01.33.41:805][404]LogModuleManager: Shutting down and abandoning module LogVisualizer (181)
[2015.12.12-01.33.41:805][404]LogModuleManager: Shutting down and abandoning module GameProjectGeneration (180)
[2015.12.12-01.33.41:805][404]LogModuleManager: Shutting down and abandoning module IntroTutorials (179)
[2015.12.12-01.33.41:805][404]LogModuleManager: Shutting down and abandoning module EditorLiveStreaming (178)
[2015.12.12-01.33.41:805][404]LogModuleManager: Shutting down and abandoning module IOSPlatformEditor (177)
[2015.12.12-01.33.41:805][404]LogModuleManager: Shutting down and abandoning module HTML5PlatformEditor (176)
[2015.12.12-01.33.41:805][404]LogModuleManager: Shutting down and abandoning module AndroidDeviceDetection (175)
[2015.12.12-01.33.42:238][404]LogModuleManager: Shutting down and abandoning module AndroidPlatformEditor (174)
[2015.12.12-01.33.42:238][404]LogModuleManager: Shutting down and abandoning module IOSRuntimeSettings (173)
[2015.12.12-01.33.42:238][404]LogModuleManager: Shutting down and abandoning module AndroidRuntimeSettings (172)
[2015.12.12-01.33.42:238][404]LogModuleManager: Shutting down and abandoning module MergeActors (171)
[2015.12.12-01.33.42:238][404]LogModuleManager: Shutting down and abandoning module SizeMap (170)
[2015.12.12-01.33.42:238][404]LogModuleManager: Shutting down and abandoning module TreeMap (169)
[2015.12.12-01.33.42:238][404]LogModuleManager: Shutting down and abandoning module ReferenceViewer (168)
[2015.12.12-01.33.42:238][404]LogModuleManager: Shutting down and abandoning module LocalizationService (167)
[2015.12.12-01.33.42:238][404]LogModuleManager: Shutting down and abandoning module LocalizationDashboard (166)
[2015.12.12-01.33.42:238][404]LogModuleManager: Shutting down and abandoning module HardwareTargeting (165)
[2015.12.12-01.33.42:238][404]LogModuleManager: Shutting down and abandoning module DeviceProfileEditor (164)
[2015.12.12-01.33.42:238][404]LogModuleManager: Shutting down and abandoning module UndoHistory (163)
[2015.12.12-01.33.42:238][404]LogModuleManager: Shutting down and abandoning module GameplayTagsEditor (162)
[2015.12.12-01.33.42:238][404]LogModuleManager: Shutting down and abandoning module UserFeedback (161)
[2015.12.12-01.33.42:238][404]LogModuleManager: Shutting down and abandoning module XmlParser (160)
[2015.12.12-01.33.42:238][404]LogModuleManager: Shutting down and abandoning module Blutility (159)
[2015.12.12-01.33.42:238][404]LogModuleManager: Shutting down and abandoning module ProjectTargetPlatformEditor (158)
[2015.12.12-01.33.42:238][404]LogModuleManager: Shutting down and abandoning module ProjectSettingsViewer (157)
[2015.12.12-01.33.42:238][404]LogModuleManager: Shutting down and abandoning module InputBindingEditor (156)
[2015.12.12-01.33.42:238][404]LogModuleManager: Shutting down and abandoning module EditorSettingsViewer (155)
[2015.12.12-01.33.42:239][404]LogModuleManager: Shutting down and abandoning module SettingsEditor (154)
[2015.12.12-01.33.42:239][404]LogModuleManager: Shutting down and abandoning module ProjectLauncher (153)
[2015.12.12-01.33.42:239][404]LogModuleManager: Shutting down and abandoning module SessionFrontend (152)
[2015.12.12-01.33.42:239][404]LogModuleManager: Shutting down and abandoning module ProfilerClient (151)
[2015.12.12-01.33.42:239][404]LogModuleManager: Shutting down and abandoning module TargetDeviceServices (150)
[2015.12.12-01.33.42:239][404]LogModuleManager: Shutting down and abandoning module DeviceManager (149)
[2015.12.12-01.33.42:239][404]LogModuleManager: Shutting down and abandoning module AutomationController (148)
[2015.12.12-01.33.42:239][404]LogModuleManager: Shutting down and abandoning module AutomationWindow (147)
[2015.12.12-01.33.42:239][404]LogModuleManager: Shutting down and abandoning module Layers (146)
[2015.12.12-01.33.42:239][404]LogModuleManager: Shutting down and abandoning module ComponentVisualizers (145)
[2015.12.12-01.33.42:239][404]LogModuleManager: Shutting down and abandoning module DetailCustomizations (144)
[2015.12.12-01.33.42:239][404]LogModuleManager: Shutting down and abandoning module PackagesDialog (143)
[2015.12.12-01.33.42:239][404]LogModuleManager: Shutting down and abandoning module Persona (142)
[2015.12.12-01.33.42:239][404]LogModuleManager: Shutting down and abandoning module Kismet (141)
[2015.12.12-01.33.42:239][404]LogModuleManager: Shutting down and abandoning module GraphEditor (140)
[2015.12.12-01.33.42:239][404]LogModuleManager: Shutting down and abandoning module ClassViewer (139)
[2015.12.12-01.33.42:239][404]LogModuleManager: Shutting down and abandoning module Toolbox (138)
[2015.12.12-01.33.42:239][404]LogModuleManager: Shutting down and abandoning module ModuleUI (137)
[2015.12.12-01.33.42:239][404]LogModuleManager: Shutting down and abandoning module MovieSceneTools (136)
[2015.12.12-01.33.42:239][404]LogModuleManager: Shutting down and abandoning module OutputLog (135)
[2015.12.12-01.33.42:239][404]LogModuleManager: Shutting down and abandoning module GammaUI (134)
[2015.12.12-01.33.42:239][404]LogModuleManager: Shutting down and abandoning module Documentation (133)
[2015.12.12-01.33.42:239][404]LogModuleManager: Shutting down and abandoning module GameLiveStreaming (132)
[2015.12.12-01.33.42:239][404]LogModuleManager: Shutting down and abandoning module StreamingPauseRendering (131)
[2015.12.12-01.33.42:239][404]LogModuleManager: Shutting down and abandoning module AnalyticsET (130)
[2015.12.12-01.33.42:239][404]LogModuleManager: Shutting down and abandoning module Analytics (129)
[2015.12.12-01.33.42:239][404]LogModuleManager: Shutting down and abandoning module AITestSuite (128)
[2015.12.12-01.33.42:239][404]LogModuleManager: Shutting down and abandoning module GameplayDebugger (127)
[2015.12.12-01.33.42:239][404]LogModuleManager: Shutting down and abandoning module AIModule (126)
[2015.12.12-01.33.42:239][404]LogModuleManager: Shutting down and abandoning module ProfilerService (125)
[2015.12.12-01.33.42:286][404]LogModuleManager: Shutting down and abandoning module TaskGraph (124)
[2015.12.12-01.33.42:286][404]LogModuleManager: Shutting down and abandoning module SubstanceEditor (123)
[2015.12.12-01.33.42:286][404]LogModuleManager: Shutting down and abandoning module SlateRemote (122)
[2015.12.12-01.33.42:286][404]LogModuleManager: Shutting down and abandoning module SteamVRController (121)
[2015.12.12-01.33.42:286][404]LogModuleManager: Shutting down and abandoning module SteamVR (120)
[2015.12.12-01.33.42:286][404]LogModuleManager: Shutting down and abandoning module ProceduralMeshComponent (119)
[2015.12.12-01.33.42:286][404]LogModuleManager: Shutting down and abandoning module OculusLibrary (118)
[2015.12.12-01.33.42:286][404]LogModuleManager: Shutting down and abandoning module OculusInput (117)
[2015.12.12-01.33.42:286][404]LogModuleManager: Shutting down and abandoning module LeapMotionController (116)
[2015.12.12-01.33.42:304][404]LogModuleManager: Shutting down and abandoning module CustomMeshComponent (115)
[2015.12.12-01.33.42:304][404]LogModuleManager: Shutting down and abandoning module CableComponent (114)
[2015.12.12-01.33.42:304][404]LogModuleManager: Shutting down and abandoning module ArchVisCharacter (113)
[2015.12.12-01.33.42:304][404]LogModuleManager: Shutting down and abandoning module MessagingDebugger (112)
[2015.12.12-01.33.42:304][404]LogModuleManager: Shutting down and abandoning module MediaPlayerEditor (111)
[2015.12.12-01.33.42:304][404]LogModuleManager: Shutting down and abandoning module HTML5Networking (110)
[2015.12.12-01.33.42:304][404]LogModuleManager: Shutting down and abandoning module SpeedTreeImporter (109)
[2015.12.12-01.33.42:304][404]LogModuleManager: Shutting down and abandoning module PluginBrowser (108)
[2015.12.12-01.33.42:304][404]LogModuleManager: Shutting down and abandoning module EpicSurvey (107)
[2015.12.12-01.33.42:304][404]LogModuleManager: Shutting down and abandoning module DesktopPlatform (106)
[2015.12.12-01.33.42:304][404]LogModuleManager: Shutting down and abandoning module VisualStudioSourceCodeAccess (105)
[2015.12.12-01.33.42:304][404]LogModuleManager: Shutting down and abandoning module UObjectPlugin (104)
[2015.12.12-01.33.42:304][404]LogModuleManager: Shutting down and abandoning module SubversionSourceControl (103)
[2015.12.12-01.33.42:304][404]LogModuleManager: Shutting down and abandoning module PerforceSourceControl (102)
[2015.12.12-01.33.42:304][404]LogModuleManager: Shutting down and abandoning module SourceControl (101)
[2015.12.12-01.33.42:304][404]LogModuleManager: Shutting down and abandoning module GitSourceControl (100)
[2015.12.12-01.33.42:304][404]LogModuleManager: Shutting down and abandoning module LightPropagationVolumeEditor (99)
[2015.12.12-01.33.42:304][404]LogModuleManager: Shutting down and abandoning module PaperTiledImporter (98)
[2015.12.12-01.33.42:304][404]LogModuleManager: Shutting down and abandoning module PaperSpriteSheetImporter (97)
[2015.12.12-01.33.42:304][404]LogModuleManager: Shutting down and abandoning module MeshPaint (96)
[2015.12.12-01.33.42:304][404]LogModuleManager: Shutting down and abandoning module SlateReflector (95)
[2015.12.12-01.33.42:304][404]LogModuleManager: Shutting down and abandoning module HotReload (94)
[2015.12.12-01.33.42:304][404]LogModuleManager: Shutting down and abandoning module MainFrame (93)
[2015.12.12-01.33.42:304][404]LogModuleManager: Shutting down and abandoning module LevelEditor (92)
[2015.12.12-01.33.42:305][404]LogModuleManager: Shutting down and abandoning module ContentBrowser (91)
[2015.12.12-01.33.42:305][404]LogModuleManager: Shutting down and abandoning module Paper2DEditor (90)
[2015.12.12-01.33.42:305][404]LogModuleManager: Shutting down and abandoning module UdpMessaging (89)
[2015.12.12-01.33.42:406][404]LogModuleManager: Shutting down and abandoning module DirectoryWatcher (88)
[2015.12.12-01.33.42:406][404]LogModuleManager: Shutting down and abandoning module AssetRegistry (87)
[2015.12.12-01.33.42:447][404]LogModuleManager: Shutting down and abandoning module SubstanceCore (86)
[2015.12.12-01.33.42:447][404]LogModuleManager: Shutting down and abandoning module LightPropagationVolumeRuntime (85)
[2015.12.12-01.33.42:447][404]LogModuleManager: Shutting down and abandoning module Paper2D (84)
[2015.12.12-01.33.42:447][404]LogModuleManager: Shutting down and abandoning module WindowsMoviePlayer (83)
[2015.12.12-01.33.42:450][404]LogModuleManager: Shutting down and abandoning module Media (82)
[2015.12.12-01.33.42:450][404]LogModuleManager: Shutting down and abandoning module WmfMedia (81)
[2015.12.12-01.33.42:450][404]LogModuleManager: Shutting down and abandoning module OnlineBlueprintSupport (80)
[2015.12.12-01.33.42:450][404]LogModuleManager: Shutting down and abandoning module GameplayTasksEditor (79)
[2015.12.12-01.33.42:450][404]LogModuleManager: Shutting down and abandoning module PropertyEditor (78)
[2015.12.12-01.33.42:450][404]LogModuleManager: Shutting down and abandoning module BehaviorTreeEditor (77)
[2015.12.12-01.33.42:450][404]LogModuleManager: Shutting down and abandoning module FunctionalTesting (76)
[2015.12.12-01.33.42:450][404]LogModuleManager: Shutting down and abandoning module CollisionAnalyzer (75)
[2015.12.12-01.33.42:450][404]LogModuleManager: Shutting down and abandoning module WorkspaceMenuStructure (74)
[2015.12.12-01.33.42:450][404]LogModuleManager: Shutting down and abandoning module MessageLog (73)
[2015.12.12-01.33.42:450][404]LogModuleManager: Shutting down and abandoning module Sequencer (72)
[2015.12.12-01.33.42:450][404]LogModuleManager: Shutting down and abandoning module AssetTools (71)
[2015.12.12-01.33.42:450][404]LogModuleManager: Shutting down and abandoning module UMGEditor (70)
[2015.12.12-01.33.42:450][404]LogModuleManager: Shutting down and abandoning module UMG (69)
[2015.12.12-01.33.42:450][404]LogModuleManager: Shutting down and abandoning module Slate (68)
[2015.12.12-01.33.42:450][404]LogModuleManager: Shutting down and abandoning module EditorStyle (67)
[2015.12.12-01.33.42:454][404]LogModuleManager: Shutting down and abandoning module SessionServices (66)
[2015.12.12-01.33.42:454][404]LogModuleManager: Shutting down and abandoning module SourceCodeAccess (65)
[2015.12.12-01.33.42:454][404]LogModuleManager: Shutting down and abandoning module HeadMountedDisplay (64)
[2015.12.12-01.33.42:454][404]LogModuleManager: Shutting down and abandoning module XAudio2 (63)
[2015.12.12-01.33.42:454][404]LogModuleManager: Shutting down and abandoning module Networking (61)
[2015.12.12-01.33.42:454][404]LogModuleManager: Shutting down and abandoning module Core (60)
[2015.12.12-01.33.42:454][404]LogModuleManager: Shutting down and abandoning module KismetCompiler (59)
[2015.12.12-01.33.42:454][404]LogModuleManager: Shutting down and abandoning module PhysXFormats (58)
[2015.12.12-01.33.42:454][404]LogModuleManager: Shutting down and abandoning module MeshUtilities (57)
[2015.12.12-01.33.42:454][404]LogModuleManager: Shutting down and abandoning module DerivedDataCache (56)
[2015.12.12-01.33.42:532][404]LogDerivedDataCache: Shutdown
[2015.12.12-01.33.42:532][404]LogModuleManager: Shutting down and abandoning module ShaderFormatOpenGL (55)
[2015.12.12-01.33.42:532][404]LogModuleManager: Shutting down and abandoning module ShaderFormatD3D (54)
[2015.12.12-01.33.42:532][404]LogModuleManager: Shutting down and abandoning module MetalShaderFormat (53)
[2015.12.12-01.33.42:532][404]LogModuleManager: Shutting down and abandoning module TextureFormatUncompressed (52)
[2015.12.12-01.33.42:532][404]LogModuleManager: Shutting down and abandoning module TextureFormatPVR (51)
[2015.12.12-01.33.42:532][404]LogModuleManager: Shutting down and abandoning module TextureFormatIntelISPCTexComp (50)
[2015.12.12-01.33.42:532][404]LogModuleManager: Shutting down and abandoning module TextureFormatDXT (49)
[2015.12.12-01.33.42:532][404]LogModuleManager: Shutting down and abandoning module ImageWrapper (48)
[2015.12.12-01.33.42:532][404]LogModuleManager: Shutting down and abandoning module TextureFormatASTC (47)
[2015.12.12-01.33.42:532][404]LogModuleManager: Shutting down and abandoning module TextureFormatAndroid (46)
[2015.12.12-01.33.42:532][404]LogModuleManager: Shutting down and abandoning module AudioFormatOpus (45)
[2015.12.12-01.33.42:532][404]LogModuleManager: Shutting down and abandoning module AudioFormatOgg (44)
[2015.12.12-01.33.42:532][404]LogModuleManager: Shutting down and abandoning module AudioFormatADPCM (43)
[2015.12.12-01.33.42:532][404]LogModuleManager: Shutting down and abandoning module LinuxTargetPlatform (42)
[2015.12.12-01.33.42:532][404]LogModuleManager: Shutting down and abandoning module LinuxServerTargetPlatform (41)
[2015.12.12-01.33.42:532][404]LogModuleManager: Shutting down and abandoning module LinuxNoEditorTargetPlatform (40)
[2015.12.12-01.33.42:532][404]LogModuleManager: Shutting down and abandoning module Messaging (39)
[2015.12.12-01.33.42:532][404]LogModuleManager: Shutting down and abandoning module IOSTargetPlatform (38)
[2015.12.12-01.33.42:532][404]LogModuleManager: Shutting down and abandoning module HTML5TargetPlatform (37)
[2015.12.12-01.33.42:532][404]LogModuleManager: Shutting down and abandoning module Android_PVRTCTargetPlatform (36)
[2015.12.12-01.33.42:532][404]LogModuleManager: Shutting down and abandoning module Android_MultiTargetPlatform (35)
[2015.12.12-01.33.42:532][404]LogModuleManager: Shutting down and abandoning module Android_ETC2TargetPlatform (34)
[2015.12.12-01.33.42:532][404]LogModuleManager: Shutting down and abandoning module Android_ETC1TargetPlatform (33)
[2015.12.12-01.33.42:532][404]LogModuleManager: Shutting down and abandoning module Android_DXTTargetPlatform (32)
[2015.12.12-01.33.42:532][404]LogModuleManager: Shutting down and abandoning module Android_ATCTargetPlatform (31)
[2015.12.12-01.33.42:532][404]LogModuleManager: Shutting down and abandoning module Android_ASTCTargetPlatform (30)
[2015.12.12-01.33.42:532][404]LogModuleManager: Shutting down and abandoning module AndroidTargetPlatform (29)
[2015.12.12-01.33.42:532][404]LogModuleManager: Shutting down and abandoning module WindowsTargetPlatform (28)
[2015.12.12-01.33.42:532][404]LogModuleManager: Shutting down and abandoning module WindowsServerTargetPlatform (27)
[2015.12.12-01.33.42:532][404]LogModuleManager: Shutting down and abandoning module WindowsNoEditorTargetPlatform (26)
[2015.12.12-01.33.42:532][404]LogModuleManager: Shutting down and abandoning module WindowsClientTargetPlatform (25)
[2015.12.12-01.33.42:532][404]LogModuleManager: Shutting down and abandoning module AllDesktopTargetPlatform (24)
[2015.12.12-01.33.42:532][404]LogModuleManager: Shutting down and abandoning module TargetPlatform (23)
[2015.12.12-01.33.42:532][404]LogModuleManager: Shutting down and abandoning module InputCore (22)
[2015.12.12-01.33.42:532][404]LogModuleManager: Shutting down and abandoning module Settings (21)
[2015.12.12-01.33.42:532][404]LogModuleManager: Shutting down and abandoning module OnlineSubsystem (19)
[2015.12.12-01.33.42:532][404]LogModuleManager: Shutting down and abandoning module HTTP (18)
[2015.12.12-01.33.43:534][404]LogModuleManager: Shutting down and abandoning module XMPP (17)
[2015.12.12-01.33.43:534][404]LogModuleManager: Shutting down and abandoning module OculusRift (16)
[2015.12.12-01.33.43:534][404]LogModuleManager: Shutting down and abandoning module ExampleDeviceProfileSelector (15)
[2015.12.12-01.33.43:534][404]LogModuleManager: Shutting down and abandoning module TextureCompressor (14)
[2015.12.12-01.33.43:534][404]LogModuleManager: Shutting down and abandoning module ShaderCore (13)
[2015.12.12-01.33.43:534][404]LogModuleManager: Shutting down and abandoning module Landscape (12)
[2015.12.12-01.33.43:534][404]LogModuleManager: Shutting down and abandoning module SlateRHIRenderer (11)
[2015.12.12-01.33.43:534][404]LogModuleManager: Shutting down and abandoning module OpenGLDrv (10)
[2015.12.12-01.33.43:534][404]LogModuleManager: Shutting down and abandoning module D3D11RHI (9)
[2015.12.12-01.33.43:534][404]LogModuleManager: Shutting down and abandoning module AnimGraphRuntime (8)
[2015.12.12-01.33.43:534][404]LogModuleManager: Shutting down and abandoning module Renderer (7)
[2015.12.12-01.33.43:534][404]LogModuleManager: Shutting down and abandoning module Engine (6)
[2015.12.12-01.33.43:534][404]LogModuleManager: Shutting down and abandoning module CoreUObject (5)
[2015.12.12-01.33.43:534][404]LogModuleManager: Shutting down and abandoning module NetworkFile (4)
[2015.12.12-01.33.43:534][404]LogModuleManager: Shutting down and abandoning module StreamingFile (3)
[2015.12.12-01.33.43:534][404]LogModuleManager: Shutting down and abandoning module SandboxFile (2)
[2015.12.12-01.33.43:534][404]LogModuleManager: Shutting down and abandoning module PakFile (1)
[2015.12.12-01.33.43:536][404]LogExit: Exiting.
[2015.12.12-01.33.43:544][404]Log file closed, 12/11/15 18:33:43
