[2015.12.12-10.19.56:555][  0]Log file open, 12/12/15 11:19:56
[2015.12.12-10.19.56:555][  0]LogInit:Display: Running engine for game: NewJam
[2015.12.12-10.19.56:555][  0]LogPlatformFile: Not using cached read wrapper
[2015.12.12-10.19.56:555][  0]LogInit:Display: RandInit(1595726175) SRandInit(1595726177).
[2015.12.12-10.19.56:555][  0]LogTaskGraph: Started task graph with 4 named threads and 7 total threads.
[2015.12.12-10.19.56:555][  0]LogStats: Stats thread started at 0.121702
[2015.12.12-10.19.56:555][  0]LogInit: Version: 4.10.1-2791327+++depot+UE4-Releases+4.10
[2015.12.12-10.19.56:555][  0]LogInit: API Version: 2758231
[2015.12.12-10.19.56:555][  0]LogInit: Compiled (64-bit): Dec  4 2015 19:44:40
[2015.12.12-10.19.56:555][  0]LogInit: Compiled with Visual C++: 19.00.23026.00
[2015.12.12-10.19.56:555][  0]LogInit: Build Configuration: Development
[2015.12.12-10.19.56:555][  0]LogInit: Branch Name: ++depot+UE4-Releases+4.10
[2015.12.12-10.19.56:555][  0]LogInit: Command line:  
[2015.12.12-10.19.56:555][  0]LogInit: Base directory: D:/Program Files/Epic Games/4.10/Engine/Binaries/Win64/
[2015.12.12-10.19.56:555][  0]LogInit: Rocket: 1
[2015.12.12-10.19.56:592][  0]LogInit: Using libcurl 7.41.0
[2015.12.12-10.19.56:592][  0]LogInit:  - built for x86_64-pc-win32
[2015.12.12-10.19.56:592][  0]LogInit:  - supports SSL with WinSSL
[2015.12.12-10.19.56:592][  0]LogInit:  - other features:
[2015.12.12-10.19.56:592][  0]LogInit:      CURL_VERSION_SSL
[2015.12.12-10.19.56:592][  0]LogInit:      CURL_VERSION_IPV6
[2015.12.12-10.19.56:592][  0]LogInit:      CURL_VERSION_ASYNCHDNS
[2015.12.12-10.19.56:592][  0]LogInit:      CURL_VERSION_LARGEFILE
[2015.12.12-10.19.56:592][  0]LogInit:      CURL_VERSION_IDN
[2015.12.12-10.19.56:592][  0]LogInit:  CurlRequestOptions (configurable via config and command line):
[2015.12.12-10.19.56:592][  0]LogInit:  - bVerifyPeer = true  - Libcurl will verify peer certificate
[2015.12.12-10.19.56:592][  0]LogInit:  - bUseHttpProxy = false  - Libcurl will NOT use HTTP proxy
[2015.12.12-10.19.56:592][  0]LogInit:  - bDontReuseConnections = false  - Libcurl will reuse connections
[2015.12.12-10.19.56:592][  0]LogInit:  - CertBundlePath = nullptr  - Libcurl will use whatever was configured at build time.
[2015.12.12-10.19.56:670][  0]LogInit: Presizing for 0 objects not considered by GC, pre-allocating 0 bytes.
[2015.12.12-10.19.56:674][  0]LogInit: Object subsystem initialized
[2015.12.12-10.19.56:675][  0]LogInit: Selected Device Profile: [Windows]
[2015.12.12-10.19.56:675][  0]LogInit: Applying CVar settings loaded from the selected device profile: [Windows]
[2015.12.12-10.19.56:687][  0]LogInit: Computer: TOBYS-PC
[2015.12.12-10.19.56:687][  0]LogInit: User: Tobias
[2015.12.12-10.19.56:687][  0]LogInit: CPU Page size=4096, Cores=4
[2015.12.12-10.19.56:687][  0]LogInit: High frequency timer resolution =3.515628 MHz
[2015.12.12-10.19.56:687][  0]LogMemory: Memory total: Physical=7.9GB (8GB approx)
[2015.12.12-10.19.56:687][  0]LogMemory: Platform Memory Stats for Windows
[2015.12.12-10.19.56:687][  0]LogMemory: Process Physical Memory: 56.15 MB used, 56.15 MB peak
[2015.12.12-10.19.56:687][  0]LogMemory: Process Virtual Memory: 58.68 MB used, 58.68 MB peak
[2015.12.12-10.19.56:687][  0]LogMemory: Physical Memory: 3676.87 MB used, 8120.00 MB total
[2015.12.12-10.19.56:687][  0]LogMemory: Virtual Memory: 380.78 MB used, 134217728.00 MB total
[2015.12.12-10.19.57:007][  0]LogTextLocalizationManager: No specific translations for ('en-US') exist, so ('en') translations will be used.
[2015.12.12-10.19.57:411][  0]LogD3D11RHI: Found D3D11 adapter 0: NVIDIA GeForce GTX 770 (Feature Level 11_0)
[2015.12.12-10.19.57:411][  0]LogD3D11RHI: Adapter has 1989MB of dedicated video memory, 0MB of dedicated system memory, and 4060MB of shared system memory, 2 output[s]
[2015.12.12-10.19.57:413][  0]LogD3D11RHI: Found D3D11 adapter 1: Microsoft Basic Render Driver (Feature Level 11_0)
[2015.12.12-10.19.57:413][  0]LogD3D11RHI: Adapter has 0MB of dedicated video memory, 0MB of dedicated system memory, and 4060MB of shared system memory, 0 output[s]
[2015.12.12-10.19.57:413][  0]LogD3D11RHI: Chosen D3D11 Adapter Id = 0
[2015.12.12-10.19.57:416][  0]LogD3D11RHI: !Direct3DDevice
[2015.12.12-10.19.57:416][  0]LogRHI: Texture pool is 1361 MB (70% of 1945 MB)
[2015.12.12-10.19.57:426][  0]LogD3D11RHI: Async texture creation enabled
[2015.12.12-10.19.57:442][  0]LogShaderCompilers: Guid format shader working directory is -31 characters bigger than the processId version (../../../../../../Users/Tobias/Documents/Unreal Projects/CoffeeJam2015/NewJam/Intermediate/Shaders/WorkingDirectory/10484/).
[2015.12.12-10.19.57:442][  0]LogShaderCompilers: Cleaned the shader compiler working directory 'C:/Users/Tobias/AppData/Local/Temp/UnrealShaderWorkingDir/33CB01B94B359728F523D086E3C53866/'.
[2015.12.12-10.19.57:442][  0]LogShaderCompilers:Display: Using Local Shader Compiler.
[2015.12.12-10.19.59:620][  0]LogTemp:Display: Loaded TP AllDesktopTargetPlatform
[2015.12.12-10.19.59:623][  0]LogTemp:Display: Loaded TP WindowsClientTargetPlatform
[2015.12.12-10.19.59:626][  0]LogTemp:Display: Loaded TP WindowsNoEditorTargetPlatform
[2015.12.12-10.19.59:631][  0]LogTemp:Display: Loaded TP WindowsServerTargetPlatform
[2015.12.12-10.19.59:633][  0]LogTemp:Display: Loaded TP WindowsTargetPlatform
[2015.12.12-10.19.59:637][  0]LogTemp:Display: Loaded TP AndroidTargetPlatform
[2015.12.12-10.19.59:639][  0]LogTemp:Display: Loaded TP Android_ASTCTargetPlatform
[2015.12.12-10.19.59:641][  0]LogTemp:Display: Loaded TP Android_ATCTargetPlatform
[2015.12.12-10.19.59:643][  0]LogTemp:Display: Loaded TP Android_DXTTargetPlatform
[2015.12.12-10.19.59:645][  0]LogTemp:Display: Loaded TP Android_ETC1TargetPlatform
[2015.12.12-10.19.59:648][  0]LogTemp:Display: Loaded TP Android_ETC2TargetPlatform
[2015.12.12-10.19.59:652][  0]LogTemp:Display: Loaded TP Android_MultiTargetPlatform
[2015.12.12-10.19.59:652][  0]LogTemp:Display: Loaded TP Android_PVRTCTargetPlatform
[2015.12.12-10.19.59:653][  0]LogTemp:Display: Loaded TP HTML5TargetPlatform
[2015.12.12-10.19.59:732][  0]LogTemp:Display: Loaded TP IOSTargetPlatform
[2015.12.12-10.19.59:734][  0]LogTemp:Display: Loaded TP LinuxNoEditorTargetPlatform
[2015.12.12-10.19.59:736][  0]LogTemp:Display: Loaded TP LinuxServerTargetPlatform
[2015.12.12-10.19.59:740][  0]LogTemp:Display: Loaded TP LinuxTargetPlatform
[2015.12.12-10.19.59:740][  0]LogTargetPlatformManager:Display: Building Assets For Windows
[2015.12.12-10.20.00:242][  0]LogDerivedDataCache:Display: Max Cache Size: 512 MB
[2015.12.12-10.20.00:411][  0]LogDerivedDataCache: Loaded boot cache 0.17s 41MB C:/Users/Tobias/AppData/Local/UnrealEngine/4.10/DerivedDataCache/Boot.ddc.
[2015.12.12-10.20.00:411][  0]LogDerivedDataCache:Display: Loaded Boot cache: C:/Users/Tobias/AppData/Local/UnrealEngine/4.10/DerivedDataCache/Boot.ddc
[2015.12.12-10.20.00:412][  0]LogDerivedDataCache: FDerivedDataBackendGraph:  Pak pak cache file ../../../../../../Users/Tobias/Documents/Unreal Projects/CoffeeJam2015/NewJam/DerivedDataCache/DDC.ddp not found, will not use a pak cache.
[2015.12.12-10.20.00:412][  0]LogDerivedDataCache: Unable to find inner node Pak for hierarchical cache Hierarchy.
[2015.12.12-10.20.00:412][  0]LogDerivedDataCache: FDerivedDataBackendGraph:  CompressedPak pak cache file ../../../../../../Users/Tobias/Documents/Unreal Projects/CoffeeJam2015/NewJam/DerivedDataCache/Compressed.ddp not found, will not use a pak cache.
[2015.12.12-10.20.00:412][  0]LogDerivedDataCache: Unable to find inner node CompressedPak for hierarchical cache Hierarchy.
[2015.12.12-10.20.00:524][  0]LogDerivedDataCache:Display: Pak cache opened for reading ../../../Engine/DerivedDataCache/Compressed.ddp.
[2015.12.12-10.20.00:535][  0]LogDerivedDataCache: Using Local data cache path C:/Users/Tobias/AppData/Local/UnrealEngine/Common/DerivedDataCache: Writable
[2015.12.12-10.20.11:572][  0]LogInit: Selected Device Profile: [Windows]
[2015.12.12-10.20.11:748][  0]LogContentStreaming: Texture pool size is 0.000000MB
[2015.12.12-10.20.13:385][  0]LogMeshUtilities: No automatic mesh reduction module available
[2015.12.12-10.20.13:385][  0]LogMeshUtilities: No automatic mesh merging module available
[2015.12.12-10.20.17:066][  0]LogInit: WinSock: version 1.1 (2.2), MaxSocks=32767, MaxUdp=65467
[2015.12.12-10.20.32:859][  0]LogAssetRegistry: FAssetRegistry took 0.0293 seconds to start up
[2015.12.12-10.20.33:012][  0]UdpMessaging: Initializing bridge on interface 0.0.0.0:0 to multicast group 230.0.0.1:6666.
[2015.12.12-10.20.38:180][  0]SourceControl: Info Source control is disabled
[2015.12.12-10.20.38:287][  0]SourceControl: Info Source control is disabled
[2015.12.12-10.20.38:406][  0]SourceControl: Info Source control is disabled
[2015.12.12-10.20.38:477][  0]SourceControl: Info Source control is disabled
[2015.12.12-10.20.41:175][  0]LogObj: 28802 objects as part of root set at end of initial load.
[2015.12.12-10.20.41:175][  0]LogUObjectAllocator: 6129768 out of 0 bytes used by permanent object pool.
[2015.12.12-10.20.42:940][  0]LogEngine: Initializing Engine...
[2015.12.12-10.20.43:012][  0]LogHMD: Can't find Oculus library dev build: is proper Runtime installed? Version: 0.8.0.0
[2015.12.12-10.20.43:953][  0]LogHMD: SteamVR failed to initialize.  Err: 108
[2015.12.12-10.20.46:583][  0]LogAIModule: Creating AISystem for world NewWorld
[2015.12.12-10.20.47:039][  0]LogInit: XAudio2 using 'Speakers (Realtek High Definition Audio)' : 4 channels at 48 kHz using 32 bits per sample (channel mask 0x33)
[2015.12.12-10.20.47:064][  0]LogInit: FAudioDevice initialized.
[2015.12.12-10.20.47:083][  0]LogDerivedDataCache: Saved boot cache 0.02s 41MB C:/Users/Tobias/AppData/Local/UnrealEngine/4.10/DerivedDataCache/Boot.ddc.
[2015.12.12-10.20.47:088][  0]LogInit: Texture streaming: Enabled
[2015.12.12-10.20.47:231][  0]LogAnalytics: Creating configured Analytics provider AnalyticsET
[2015.12.12-10.20.47:241][  0]LogAnalytics: [UEEditor.Rocket.Release] APIServer = http://et2.epicgames.com/ET2/. AppVersion = 4.10.1-2791327+++depot+UE4-Releases+4.10
[2015.12.12-10.20.47:241][  0]LogAnalytics: [UEEditor.Rocket.Release] SetUserId 01b3679b4a5495c470af9b80dca99bb3|dbabcf3b5bcc4d62829e2676ba212703|0d575883-9d2f-41a9-bdff-e41584936666
[2015.12.12-10.20.47:285][  0]LogAnalytics: [UEEditor.Rocket.Release] AnalyticsET::StartSession
[2015.12.12-10.20.47:648][  0]LogInit: Transaction tracking system initialized
[2015.12.12-10.20.48:488][  0]BlueprintLog: New page: Editor Load
[2015.12.12-10.20.52:203][  0]LocalizationService: Info Localization service is disabled
[2015.12.12-10.20.53:885][  0]LogConsoleResponse:Display: 
[2015.12.12-10.20.56:510][  0]LogFileCache: Scanning file cache for directory 'D:/Users/Tobias/Documents/Unreal Projects/CoffeeJam2015/NewJam/Content/' took 0.01s
[2015.12.12-10.20.56:510][  0]LogCook:Display: Done creating registry. It took  0.00s.
[2015.12.12-10.20.58:999][  0]SourceControl: Info Source control is disabled
[2015.12.12-10.20.59:092][  0]Cmd: MAP LOAD FILE="../../../../../../Users/Tobias/Documents/Unreal Projects/CoffeeJam2015/NewJam/Content/SideScrollerBP/Maps/SandventureRoom.umap" TEMPLATE=0 SHOWPROGRESS=1 FEATURELEVEL=3
[2015.12.12-10.20.59:187][  0]LightingResults: New page: Lighting Build
[2015.12.12-10.20.59:442][  0]MapCheck: New page: Map Check
[2015.12.12-10.20.59:442][  0]LightingResults: New page: Lighting Build
[2015.12.12-10.21.00:039][  0]LogParticles: Destroying 0 GPU particle simulations for FXSystem 0x000000CDFA0C76A0
[2015.12.12-10.21.03:203][  0]LogTexture:Display: Building textures: T_Bricks_Des (AutoDXT)
[2015.12.12-10.21.03:826][  0]LogMaterial: Missing cached shader map for material M_ColorChanger, compiling. 
[2015.12.12-10.21.04:046][  0]LogTexture:Display: Building textures: T_Sand_des (AutoDXT)
[2015.12.12-10.21.04:641][  0]LogTexture:Display: Building textures: T_Glyph_des (BGRA8)
[2015.12.12-10.21.04:799][  0]LogMaterial: Missing cached shader map for material M_Panner, compiling. 
[2015.12.12-10.21.04:847][  0]LogTexture:Display: Building textures: T_Sign4_des (BGRA8)
[2015.12.12-10.21.05:006][  0]LogTexture:Display: Building textures: T_Noise (AutoDXT)
[2015.12.12-10.21.05:289][  0]LogMaterial: Missing cached shader map for material M_Panner_Trans, compiling. 
[2015.12.12-10.21.05:296][  0]LogStaticMesh: Building static mesh SM_Wall_1...
[2015.12.12-10.21.05:331][  0]LogStaticMesh: Built static mesh [0.035290.2s] /Game/SideScrollerBP/NinjinArtStuff/Meshes/SM_Wall_1.SM_Wall_1
[2015.12.12-10.21.05:365][  0]LogStaticMesh: Building static mesh SM_Sandfall...
[2015.12.12-10.21.05:369][  0]LogStaticMesh: Built static mesh [0.003848.2s] /Game/SideScrollerBP/NinjinArtStuff/Meshes/SM_Sandfall.SM_Sandfall
[2015.12.12-10.21.05:370][  0]LogStaticMesh: Building static mesh SM_Pillar2...
[2015.12.12-10.21.05:376][  0]LogStaticMesh: Built static mesh [0.007072.2s] /Game/SideScrollerBP/NinjinArtStuff/Meshes/SM_Pillar2.SM_Pillar2
[2015.12.12-10.21.05:377][  0]LogStaticMesh: Building static mesh SM_Pillar...
[2015.12.12-10.21.05:384][  0]LogStaticMesh: Built static mesh [0.006747.2s] /Game/SideScrollerBP/NinjinArtStuff/Meshes/SM_Pillar.SM_Pillar
[2015.12.12-10.21.05:385][  0]LogStaticMesh: Building static mesh SM_Background...
[2015.12.12-10.21.05:387][  0]LogStaticMesh: Built static mesh [0.001680.2s] /Game/SideScrollerBP/NinjinArtStuff/Meshes/SM_Background.SM_Background
[2015.12.12-10.21.05:388][  0]LogStaticMesh: Building static mesh SM_Wall_2...
[2015.12.12-10.21.05:392][  0]LogStaticMesh: Built static mesh [0.005083.2s] /Game/SideScrollerBP/NinjinArtStuff/Meshes/SM_Wall_2.SM_Wall_2
[2015.12.12-10.21.05:754][  0]LogTexture:Display: Building textures: HQ_Lightmap0_1 (AutoDXT)
[2015.12.12-10.21.05:895][  0]LogTexture:Display: Building textures: HQ_Lightmap0_2 (AutoDXT)
[2015.12.12-10.21.05:915][  0]LogTexture:Display: Building textures: HQ_Lightmap0_3 (AutoDXT)
[2015.12.12-10.21.05:927][  0]LogTexture:Display: Building textures: HQ_Lightmap0_4 (AutoDXT)
[2015.12.12-10.21.05:934][  0]LogTexture:Display: Building textures: HQ_Lightmap0_5 (AutoDXT)
[2015.12.12-10.21.05:948][  0]LogTexture:Display: Building textures: HQ_Lightmap0_7 (AutoDXT)
[2015.12.12-10.21.05:955][  0]LogTexture:Display: Building textures: HQ_Lightmap0_8 (AutoDXT)
[2015.12.12-10.21.05:969][  0]LogTexture:Display: Building textures: HQ_Lightmap0_9 (AutoDXT)
[2015.12.12-10.21.05:970][  0]LogTexture:Display: Building textures: HQ_Lightmap1_6 (AutoDXT)
[2015.12.12-10.21.05:983][  0]LogTexture:Display: Building textures: LQ_Lightmap_0_1 (DXT1)
[2015.12.12-10.21.06:044][  0]LogTexture:Display: Building textures: LQ_Lightmap_0_2 (DXT1)
[2015.12.12-10.21.06:056][  0]LogTexture:Display: Building textures: LQ_Lightmap_0_3 (DXT1)
[2015.12.12-10.21.06:060][  0]LogTexture:Display: Building textures: LQ_Lightmap_0_4 (DXT1)
[2015.12.12-10.21.06:066][  0]LogTexture:Display: Building textures: LQ_Lightmap_0_5 (DXT1)
[2015.12.12-10.21.06:079][  0]LogTexture:Display: Building textures: LQ_Lightmap_0_7 (DXT1)
[2015.12.12-10.21.06:084][  0]LogTexture:Display: Building textures: LQ_Lightmap_0_8 (DXT1)
[2015.12.12-10.21.06:093][  0]LogTexture:Display: Building textures: LQ_Lightmap_0_9 (DXT1)
[2015.12.12-10.21.06:098][  0]LogTexture:Display: Building textures: LQ_Lightmap_1_6 (DXT1)
[2015.12.12-10.21.06:107][  0]LogTexture:Display: Building textures: SkyOcclusion0_1 (AutoDXT)
[2015.12.12-10.21.06:175][  0]LogTexture:Display: Building textures: SkyOcclusion0_2 (AutoDXT)
[2015.12.12-10.21.06:185][  0]LogTexture:Display: Building textures: SkyOcclusion0_3 (AutoDXT)
[2015.12.12-10.21.06:193][  0]LogTexture:Display: Building textures: SkyOcclusion0_4 (AutoDXT)
[2015.12.12-10.21.06:198][  0]LogTexture:Display: Building textures: SkyOcclusion0_5 (AutoDXT)
[2015.12.12-10.21.06:207][  0]LogTexture:Display: Building textures: SkyOcclusion0_7 (AutoDXT)
[2015.12.12-10.21.06:216][  0]LogTexture:Display: Building textures: SkyOcclusion0_8 (AutoDXT)
[2015.12.12-10.21.06:226][  0]LogTexture:Display: Building textures: SkyOcclusion0_9 (AutoDXT)
[2015.12.12-10.21.06:230][  0]LogTexture:Display: Building textures: SkyOcclusi