[2015.12.12-01.54.50:368][  0]Log file open, 12/12/15 02:54:50
[2015.12.12-01.54.50:368][  0]LogInit:Display: Running engine for game: NewJam
[2015.12.12-01.54.50:368][  0]LogPlatformFile: Not using cached read wrapper
[2015.12.12-01.54.50:368][  0]LogInit:Display: RandInit(-1204272077) SRandInit(-1204272076).
[2015.12.12-01.54.50:368][  0]LogTaskGraph: Started task graph with 4 named threads and 7 total threads.
[2015.12.12-01.54.50:368][  0]LogStats: Stats thread started at 0.079527
[2015.12.12-01.54.50:368][  0]LogInit: Version: 4.10.1-2791327+++depot+UE4-Releases+4.10
[2015.12.12-01.54.50:368][  0]LogInit: API Version: 2758231
[2015.12.12-01.54.50:368][  0]LogInit: Compiled (64-bit): Dec  4 2015 19:44:40
[2015.12.12-01.54.50:368][  0]LogInit: Compiled with Visual C++: 19.00.23026.00
[2015.12.12-01.54.50:368][  0]LogInit: Build Configuration: Development
[2015.12.12-01.54.50:368][  0]LogInit: Branch Name: ++depot+UE4-Releases+4.10
[2015.12.12-01.54.50:368][  0]LogInit: Command line:  
[2015.12.12-01.54.50:368][  0]LogInit: Base directory: C:/Program Files/Epic Games/4.10/Engine/Binaries/Win64/
[2015.12.12-01.54.50:368][  0]LogInit: Rocket: 1
[2015.12.12-01.54.50:373][  0]LogInit: Using libcurl 7.41.0
[2015.12.12-01.54.50:373][  0]LogInit:  - built for x86_64-pc-win32
[2015.12.12-01.54.50:373][  0]LogInit:  - supports SSL with WinSSL
[2015.12.12-01.54.50:373][  0]LogInit:  - other features:
[2015.12.12-01.54.50:373][  0]LogInit:      CURL_VERSION_SSL
[2015.12.12-01.54.50:373][  0]LogInit:      CURL_VERSION_IPV6
[2015.12.12-01.54.50:373][  0]LogInit:      CURL_VERSION_ASYNCHDNS
[2015.12.12-01.54.50:373][  0]LogInit:      CURL_VERSION_LARGEFILE
[2015.12.12-01.54.50:373][  0]LogInit:      CURL_VERSION_IDN
[2015.12.12-01.54.50:373][  0]LogInit:  CurlRequestOptions (configurable via config and command line):
[2015.12.12-01.54.50:373][  0]LogInit:  - bVerifyPeer = true  - Libcurl will verify peer certificate
[2015.12.12-01.54.50:373][  0]LogInit:  - bUseHttpProxy = false  - Libcurl will NOT use HTTP proxy
[2015.12.12-01.54.50:373][  0]LogInit:  - bDontReuseConnections = false  - Libcurl will reuse connections
[2015.12.12-01.54.50:373][  0]LogInit:  - CertBundlePath = nullptr  - Libcurl will use whatever was configured at build time.
[2015.12.12-01.54.50:380][  0]LogInit: Presizing for 0 objects not considered by GC, pre-allocating 0 bytes.
[2015.12.12-01.54.50:385][  0]LogInit: Object subsystem initialized
[2015.12.12-01.54.50:386][  0]LogInit: Selected Device Profile: [Windows]
[2015.12.12-01.54.50:386][  0]LogInit: Applying CVar settings loaded from the selected device profile: [Windows]
[2015.12.12-01.54.50:400][  0]LogInit: Computer: MEGPOID
[2015.12.12-01.54.50:400][  0]LogInit: User: Ninjin
[2015.12.12-01.54.50:400][  0]LogInit: CPU Page size=4096, Cores=4
[2015.12.12-01.54.50:400][  0]LogInit: High frequency timer resolution =3.125000 MHz
[2015.12.12-01.54.50:400][  0]LogMemory: Memory total: Physical=7.8GB (8GB approx)
[2015.12.12-01.54.50:400][  0]LogMemory: Platform Memory Stats for Windows
[2015.12.12-01.54.50:400][  0]LogMemory: Process Physical Memory: 56.48 MB used, 56.48 MB peak
[2015.12.12-01.54.50:400][  0]LogMemory: Process Virtual Memory: 58.72 MB used, 58.72 MB peak
[2015.12.12-01.54.50:400][  0]LogMemory: Physical Memory: 4277.20 MB used, 8030.70 MB total
[2015.12.12-01.54.50:400][  0]LogMemory: Virtual Memory: 380.41 MB used, 134217728.00 MB total
[2015.12.12-01.54.50:448][  0]LogTextLocalizationManager: No specific translations for ('en-US') exist, so ('en') translations will be used.
[2015.12.12-01.54.50:886][  0]LogD3D11RHI: Found D3D11 adapter 0: AMD Radeon R9 200 Series (Feature Level 11_0)
[2015.12.12-01.54.50:886][  0]LogD3D11RHI: Adapter has 2026MB of dedicated video memory, 0MB of dedicated system memory, and 4015MB of shared system memory, 2 output[s]
[2015.12.12-01.54.50:891][  0]LogD3D11RHI: Found D3D11 adapter 1: Intel(R) HD Graphics 4600 (Feature Level 11_0)
[2015.12.12-01.54.50:891][  0]LogD3D11RHI: Adapter has 112MB of dedicated video memory, 0MB of dedicated system memory, and 4015MB of shared system memory, 0 output[s]
[2015.12.12-01.54.50:892][  0]LogD3D11RHI: Found D3D11 adapter 2: Microsoft Basic Render Driver (Feature Level 11_0)
[2015.12.12-01.54.50:892][  0]LogD3D11RHI: Adapter has 0MB of dedicated video memory, 0MB of dedicated system memory, and 4015MB of shared system memory, 0 output[s]
[2015.12.12-01.54.50:892][  0]LogD3D11RHI: Chosen D3D11 Adapter Id = 0
[2015.12.12-01.54.50:896][  0]LogD3D11RHI: !Direct3DDevice
[2015.12.12-01.54.50:896][  0]LogRHI: Texture pool is 1361 MB (70% of 1945 MB)
[2015.12.12-01.54.50:903][  0]LogD3D11RHI: Async texture creation disabled: no driver support
[2015.12.12-01.54.50:915][  0]LogShaderCompilers: Guid format shader working directory is -24 characters bigger than the processId version (../../../../../../Users/Ninjin/Desktop/Sandventure/CoffeeJam2015/NewJam/Intermediate/Shaders/WorkingDirectory/8472/).
[2015.12.12-01.54.50:915][  0]LogShaderCompilers: Cleaned the shader compiler working directory 'C:/Users/Ninjin/AppData/Local/Temp/UnrealShaderWorkingDir/C3EABEDA4A9CC6B404F1A0BF56FCCBC0/'.
[2015.12.12-01.54.50:915][  0]LogShaderCompilers:Display: Using Local Shader Compiler.
[2015.12.12-01.54.52:154][  0]LogTemp:Display: Loaded TP AllDesktopTargetPlatform
[2015.12.12-01.54.52:158][  0]LogTemp:Display: Loaded TP WindowsClientTargetPlatform
[2015.12.12-01.54.52:163][  0]LogTemp:Display: Loaded TP WindowsNoEditorTargetPlatform
[2015.12.12-01.54.52:167][  0]LogTemp:Display: Loaded TP WindowsServerTargetPlatform
[2015.12.12-01.54.52:171][  0]LogTemp:Display: Loaded TP WindowsTargetPlatform
[2015.12.12-01.54.52:176][  0]LogTemp:Display: Loaded TP AndroidTargetPlatform
[2015.12.12-01.54.52:179][  0]LogTemp:Display: Loaded TP Android_ASTCTargetPlatform
[2015.12.12-01.54.52:181][  0]LogTemp:Display: Loaded TP Android_ATCTargetPlatform
[2015.12.12-01.54.52:184][  0]LogTemp:Display: Loaded TP Android_DXTTargetPlatform
[2015.12.12-01.54.52:186][  0]LogTemp:Display: Loaded TP Android_ETC1TargetPlatform
[2015.12.12-01.54.52:189][  0]LogTemp:Display: Loaded TP Android_ETC2TargetPlatform
[2015.12.12-01.54.52:195][  0]LogTemp:Display: Loaded TP Android_MultiTargetPlatform
[2015.12.12-01.54.52:195][  0]LogTemp:Display: Loaded TP Android_PVRTCTargetPlatform
[2015.12.12-01.54.52:195][  0]LogTemp:Display: Loaded TP HTML5TargetPlatform
[2015.12.12-01.54.52:212][  0]LogTemp:Display: Loaded TP IOSTargetPlatform
[2015.12.12-01.54.52:215][  0]LogTemp:Display: Loaded TP LinuxNoEditorTargetPlatform
[2015.12.12-01.54.52:217][  0]LogTemp:Display: Loaded TP LinuxServerTargetPlatform
[2015.12.12-01.54.52:222][  0]LogTemp:Display: Loaded TP LinuxTargetPlatform
[2015.12.12-01.54.52:222][  0]LogTargetPlatformManager:Display: Building Assets For Windows
[2015.12.12-01.54.52:299][  0]LogDerivedDataCache:Display: Max Cache Size: 512 MB
[2015.12.12-01.54.52:340][  0]LogDerivedDataCache: Loaded boot cache 0.04s 41MB C:/Users/Ninjin/AppData/Local/UnrealEngine/4.10/DerivedDataCache/Boot.ddc.
[2015.12.12-01.54.52:340][  0]LogDerivedDataCache:Display: Loaded Boot cache: C:/Users/Ninjin/AppData/Local/UnrealEngine/4.10/DerivedDataCache/Boot.ddc
[2015.12.12-01.54.52:340][  0]LogDerivedDataCache: FDerivedDataBackendGraph:  Pak pak cache file ../../../../../../Users/Ninjin/Desktop/Sandventure/CoffeeJam2015/NewJam/DerivedDataCache/DDC.ddp not found, will not use a pak cache.
[2015.12.12-01.54.52:340][  0]LogDerivedDataCache: Unable to find inner node Pak for hierarchical cache Hierarchy.
[2015.12.12-01.54.52:340][  0]LogDerivedDataCache: FDerivedDataBackendGraph:  CompressedPak pak cache file ../../../../../../Users/Ninjin/Desktop/Sandventure/CoffeeJam2015/NewJam/DerivedDataCache/Compressed.ddp not found, will not use a pak cache.
[2015.12.12-01.54.52:340][  0]LogDerivedDataCache: Unable to find inner node CompressedPak for hierarchical cache Hierarchy.
[2015.12.12-01.54.52:396][  0]LogDerivedDataCache:Display: Pak cache opened for reading ../../../Engine/DerivedDataCache/Compressed.ddp.
[2015.12.12-01.54.52:408][  0]LogDerivedDataCache: Using Local data cache path C:/Users/Ninjin/AppData/Local/UnrealEngine/Common/DerivedDataCache: Writable
[2015.12.12-01.54.52:591][  0]LogInit: Selected Device Profile: [Windows]
[2015.12.12-01.54.52:593][  0]LogContentStreaming: Texture pool size is 0.000000MB
[2015.12.12-01.54.52:700][  0]LogMeshUtilities: No automatic mesh reduction module available
[2015.12.12-01.54.52:700][  0]LogMeshUtilities: No automatic mesh merging module available
[2015.12.12-01.54.52:981][  0]LogInit: WinSock: version 1.1 (2.2), MaxSocks=32767, MaxUdp=65467
[2015.12.12-01.55.15:601][  0]LogAssetRegistry: FAssetRegistry took 0.0114 seconds to start up
[2015.12.12-01.55.15:615][  0]UdpMessaging: Initializing bridge on interface 0.0.0.0:0 to multicast group 230.0.0.1:6666.
[2015.12.12-01.55.16:200][  0]SourceControl: Info Source control is disabled
[2015.12.12-01.55.16:243][  0]SourceControl: Info Source control is disabled
[2015.12.12-01.55.16:252][  0]SourceControl: Info Source control is disabled
[2015.12.12-01.55.16:262][  0]SourceControl: Info Source control is disabled
[2015.12.12-01.55.16:738][  0]LogObj: 28802 objects as part of root set at end of initial load.
[2015.12.12-01.55.16:738][  0]LogUObjectAllocator: 6129768 out of 0 bytes used by permanent object pool.
[2015.12.12-01.55.16:811][  0]LogEngine: Initializing Engine...
[2015.12.12-01.55.16:814][  0]LogHMD: Can't find Oculus library dev build: is proper Runtime installed? Version: 0.8.0.0
[2015.12.12-01.55.16:817][  0]LogHMD: SteamVR failed to initialize.  Err: 110
[2015.12.12-01.55.16:963][  0]LogAIModule: Creating AISystem for world NewWorld
[2015.12.12-01.55.16:977][  0]LogInit: XAudio2 using 'Lautsprecher (Realtek High Definition Audio)' : 2 channels at 48 kHz using 32 bits per sample (channel mask 0x3)
[2015.12.12-01.55.16:985][  0]LogInit: FAudioDevice initialized.
[2015.12.12-01.55.17:006][  0]LogDerivedDataCache: Saved boot cache 0.02s 41MB C:/Users/Ninjin/AppData/Local/UnrealEngine/4.10/DerivedDataCache/Boot.ddc.
[2015.12.12-01.55.17:010][  0]LogInit: Texture streaming: Enabled
[2015.12.12-01.55.17:018][  0]LogAnalytics: Creating configured Analytics provider AnalyticsET
[2015.12.12-01.55.17:018][  0]LogAnalytics: [UEEditor.Rocket.Release] APIServer = http://et2.epicgames.com/ET2/. AppVersion = 4.10.1-2791327+++depot+UE4-Releases+4.10
[2015.12.12-01.55.17:018][  0]LogAnalytics: [UEEditor.Rocket.Release] SetUserId c19075ff47c07dbba72a90a6e03f6c0a|09b3918c02ef4fca9958f93c3e9c8f55|0e0e6c26-8dc2-4c81-ac3d-5669ac78be5f
[2015.12.12-01.55.17:018][  0]LogAnalytics: [UEEditor.Rocket.Release] AnalyticsET::StartSession
[2015.12.12-01.55.17:050][  0]LogInit: Transaction tracking system initialized
[2015.12.12-01.55.17:077][  0]BlueprintLog: New page: Editor Load
[2015.12.12-01.55.17:185][  0]LocalizationService: Info Localization service is disabled
[2015.12.12-01.55.17:364][  0]LogLinker:Warning: Can't find file '/Game/TopDownBP/TopDownOverview'
[2015.12.12-01.55.17:365][  0]LogLinker:Warning: Can't find file '/Game/TopDownBP/TopDownOverview'
[2015.12.12-01.55.17:365][  0]LogUObjectGlobals:Warning: Failed to find object 'Class /Game/TopDownBP/TopDownOverview.TopDownOverview_C'
[2015.12.12-01.55.17:733][  0]LogConsoleResponse:Display: 
[2015.12.12-01.55.17:855][  0]LogCook:Display: Done creating registry. It took  0.00s.
[2015.12.12-01.55.18:009][  0]LogFileCache: Scanning file cache for directory 'C:/Users/Ninjin/Desktop/Sandventure/CoffeeJam2015/NewJam/Content/' took 0.01s
[2015.12.12-01.55.18:009][  0]SourceControl: Info Source control is disabled
[2015.12.12-01.55.18:009][  0]Cmd: MAP LOAD FILE="../../../../../../Users/Ninjin/Desktop/Sandventure/CoffeeJam2015/NewJam/Content/SideScrollerBP/Maps/SideScrollerExampleMap.umap" TEMPLATE=0 SHOWPROGRESS=1 FEATURELEVEL=3
[2015.12.12-01.55.18:010][  0]LightingResults: New page: Lighting Build
[2015.12.12-01.55.18:012][  0]MapCheck: New page: Map Check
[2015.12.12-01.55.18:012][  0]LightingResults: New page: Lighting Build
[2015.12.12-01.55.18:022][  0]LogParticles: Destroying 0 GPU particle simulations for FXSystem 0x0000005AF76D6AC0
[2015.12.12-01.55.18:418][  0]LogAIModule: Creating AISystem for world SideScrollerExampleMap
[2015.12.12-01.55.18:424][  0]LogEditorServer: Finished looking for orphan Actors (0.000 secs)
[2015.12.12-01.55.18:424][  0]Cmd: MAP CHECKDEP NOCLEARLOG
[2015.12.12-01.55.18:475][  0]MapCheck: Info Map check complete: 0 Error(s), 0 Warning(s), took 52.246ms to complete.
[2015.12.12-01.55.18:475][  0]LogFileHelpers: Loading map 'SideScrollerExampleMap' took 0.467
[2015.12.12-01.55.18:731][  0]LogCollectionManager: Loaded 0 collections in 0.002070 seconds
[2015.12.12-01.55.18:775][  0]LogFileCache: Scanning file cache for directory 'C:/Users/Ninjin/Desktop/Sandventure/CoffeeJam2015/NewJam/Saved/Collections/' took 0.01s
[2015.12.12-01.55.18:775][  0]LogFileCache: Scanning file cache for directory 'C:/Users/Ninjin/Desktop/Sandventure/CoffeeJam2015/NewJam/Content/Developers/Ninjin/Collections/' took 0.01s
[2015.12.12-01.55.18:775][  0]LogFileCache: Scanning file cache for directory 'C:/Users/Ninjin/Desktop/Sandventure/CoffeeJam2015/NewJam/Content/Collections/' took 0.01s
[2015.12.12-01.55.18:775][  0]LogCollectionManager: Rebuilt the GUID cache for 0 collections in 0.000001 seconds
[2015.12.12-01.55.18:782][  0]LogContentBrowser: Native class hierarchy populated in 0.0065 seconds. Added 1908 classes and 344 folders.
[2015.12.12-01.55.18:788][  0]LogContentBrowser: Native class hierarchy updated for 'WidgetCarousel' in 0.0003 seconds. Added 0 classes and 0 folders.
[2015.12.12-01.55.19:947][  0]LogContentBrowser: Native class hierarchy updated for 'AddContentDialog' in 0.0004 seconds. Added 0 classes and 0 folders.
[2015.12.12-01.55.19:950][  0]LogContentBrowser: Native class hierarchy updated for 'SceneOutliner' in 0.0003 seconds. Added 1 classes and 2 folders.
[2015.12.12-01.55.19:994][  0]LogCrashTracker: Crashtracker disabled due to settings.
[2015.12.12-01.55.19:998][  0]LogUObjectGlobals:Warning: Failed to find object 'Class None.'
[2015.12.12-01.55.20:020][  0]LogLoad: Full Startup: 30.30 seconds (BP compile: 0.13 seconds)
[2015.12.12-01.55.20:033][  0]LogOcInput: Can't find Oculus library dev build: is proper Runtime installed? Version: 0.8.0.0
[2015.12.12-01.55.20:122][  0]LogContentStreaming: Texture pool size now 1000 MB
[2015.12.12-01.55.20:330][  0]LogRenderer: Reallocating scene render targets to support 1208x572 (Frame:2).
[2015.12.12-01.55.20:606][  2]LogAssetRegistry: Asset discovery search completed in 5.0163 seconds
[2015.12.12-01.55.20:606][  2]LogCollectionManager: Rebuilt the object cache for 0 collections in 0.000000 seconds (found 0 objects)
[2015.12.12-01.55.20:606][  2]LogCollectionManager: Fixed up redirectors for 0 collections in 0.000015 seconds (updated 0 objects)
[2015.12.12-01.55.28:635][730]Cmd: MAP LOAD FILE="../../../../../../Users/Ninjin/Desktop/Sandventure/CoffeeJam2015/NewJam/Content/SideScrollerBP/Maps/SideScrollerExampleMap.umap" TEMPLATE=0 SHOWPROGRESS=1 FEATURELEVEL=3
[2015.12.12-01.55.28:635][730]LightingResults: New page: Lighting Build
[2015.12.12-01.55.28:669][730]LoadErrors: New page: Loading map: SideScrollerExampleMap.umap
[2015.12.12-01.55.28:685][730]MapCheck: New page: Map Check
[2015.12.12-01.55.28:685][730]LightingResults: New page: Lighting Build
[2015.12.12-01.55.28:694][730]LogParticles: Destroying 0 GPU particle simulations for FXSystem 0x0000005AE6D68EA0
[2015.12.12-01.55.28:722][730]LogAIModule: Creating AISystem for world SideScrollerExampleMap
[2015.12.12-01.55.28:764][730]LogEditorServer: Finished looking for orphan Actors (0.000 secs)
[2015.12.12-01.55.28:785][730]Cmd: MAP CHECKDEP NOCLEARLOG
[2015.12.12-01.55.28:825][730]MapCheck: Info Map check complete: 0 Error(s), 0 Warning(s), took 39.387ms to complete.
[2015.12.12-01.55.28:826][730]LogFileHelpers: Loading map 'SideScrollerExampleMap' took 0.191
[2015.12.12-01.56.12:661][725]LogUObjectGlobals:Warning: Guid is in use by ArrowComponent /Game/SideScrollerBP/Maps/SideScrollerExampleMap.SideScrollerExampleMap:PersistentLevel.AtmosphericFog_1.ArrowComponent0 and ArrowComponent /Game/SideScrollerBP/Maps/SandventureRoom.SandventureRoom:PersistentLevel.AtmosphericFog_1.ArrowComponent0, which should never happen in the editor but could happen at runtime with duplicate level loading or PIE
[2015.12.12-01.56.12:661][725]LogUObjectGlobals:Warning: Guid is in use by ArrowComponent /Game/SideScrollerBP/Maps/SideScrollerExampleMap.SideScrollerExampleMap:PersistentLevel.LightSource.ArrowComponent0 and ArrowComponent /Game/SideScrollerBP/Maps/SandventureRoom.SandventureRoom:PersistentLevel.LightSource.ArrowComponent0, which should never happen in the editor but could happen at runtime with duplicate level loading or PIE
[2015.12.12-01.56.12:661][725]LogUObjectGlobals:Warning: Guid is in use by ArrowComponent /Game/SideScrollerBP/Maps/SideScrollerExampleMap.SideScrollerExampleMap:PersistentLevel.NetworkPlayerStart.Arrow and ArrowComponent /Game/SideScrollerBP/Maps/SandventureRoom.SandventureRoom:PersistentLevel.NetworkPlayerStart.Arrow, which should never happen in the editor but could happen at runtime with duplicate level loading or PIE
[2015.12.12-01.56.12:661][725]LogUObjectGlobals:Warning: Guid is in use by AtmosphericFogComponent /Game/SideScrollerBP/Maps/SideScrollerExampleMap.SideScrollerExampleMap:PersistentLevel.AtmosphericFog_1.AtmosphericFogComponent0 and AtmosphericFogComponent /Game/SideScrollerBP/Maps/SandventureRoom.SandventureRoom:PersistentLevel.AtmosphericFog_1.AtmosphericFogComponent0, which should never happen in the editor but could happen at runtime with duplicate level loading or PIE
[2015.12.12-01.56.12:661][725]LogUObjectGlobals:Warning: Guid is in use by BillboardComponent /Game/SideScrollerBP/Maps/SideScrollerExampleMap.SideScrollerExampleMap:PersistentLevel.AtmosphericFog_1.Sprite and BillboardComponent /Game/SideScrollerBP/Maps/SandventureRoom.SandventureRoom:PersistentLevel.AtmosphericFog_1.Sprite, which should never happen in the editor but could happen at runtime with duplicate level loading or PIE
[2015.12.12-01.56.12:661][725]LogUObjectGlobals:Warning: Guid is in use by BillboardComponent /Game/SideScrollerBP/Maps/SideScrollerExampleMap.SideScrollerExampleMap:PersistentLevel.NetworkPlayerStart.Sprite and BillboardComponent /Game/SideScrollerBP/Maps/SandventureRoom.SandventureRoom:PersistentLevel.NetworkPlayerStart.Sprite, which should never happen in the editor but could happen at runtime with duplicate level loading or PIE
[2015.12.12-01.56.12:661][725]LogUObjectGlobals:Warning: Guid is in use by BillboardComponent /Game/SideScrollerBP/Maps/SideScrollerExampleMap.SideScrollerExampleMap:PersistentLevel.NetworkPlayerStart.Sprite2 and BillboardComponent /Game/SideScrollerBP/Maps/SandventureRoom.SandventureRoom:PersistentLevel.NetworkPlayerStart.Sprite2, which should never happen in the editor but could happen at runtime with duplicate level loading or PIE
[2015.12.12-01.56.12:661][725]LogUObjectGlobals:Warning: Guid is in use by BillboardComponent /Game/SideScrollerBP/Maps/SideScrollerExampleMap.SideScrollerExampleMap:PersistentLevel.SkyLight_1.Sprite and BillboardComponent /Game/SideScrollerBP/Maps/SandventureRoom.SandventureRoom:PersistentLevel.SkyLight_1.Sprite, which should never happen in the editor but could happen at runtime with duplicate level loading or PIE
[2015.12.12-01.56.12:661][725]LogUObjectGlobals:Warning: Guid is in use by BillboardComponent /Game/SideScrollerBP/Maps/SideScrollerExampleMap.SideScrollerExampleMap:PersistentLevel.SphereReflectionCapture.Sprite and BillboardComponent /Game/SideScrollerBP/Maps/SandventureRoom.SandventureRoom:PersistentLevel.SphereReflectionCapture.Sprite, which should never happen in the editor but could happen at runtime with duplicate level loading or PIE
[2015.12.12-01.56.12:661][725]LogUObjectGlobals:Warning: Guid is in use by BillboardComponent /Game/SideScrollerBP/Maps/SideScrollerExampleMap.SideScrollerExampleMap:PersistentLevel.TemplateLabel.Sprite and BillboardComponent /Game/SideScrollerBP/Maps/SandventureRoom.SandventureRoom:PersistentLevel.TemplateLabel.Sprite, which should never happen in the editor but could happen at runtime with duplicate level loading or PIE
[2015.12.12-01.56.12:661][725]LogUObjectGlobals:Warning: Guid is in use by BrushComponent /Game/SideScrollerBP/Maps/SideScrollerExampleMap.SideScrollerExampleMap:PersistentLevel.Brush_0.BrushComponent0 and BrushComponent /Game/SideScrollerBP/Maps/SandventureRoom.SandventureRoom:PersistentLevel.Brush_0.BrushComponent0, which should never happen in the editor but could happen at runtime with duplicate level loading or PIE
[2015.12.12-01.56.12:661][725]LogUObjectGlobals:Warning: Guid is in use by BrushComponent /Game/SideScrollerBP/Maps/SideScrollerExampleMap.SideScrollerExampleMap:PersistentLevel.LightmassImportanceVolume_0.BrushComponent0 and BrushComponent /Game/SideScrollerBP/Maps/SandventureRoom.SandventureRoom:PersistentLevel.LightmassImportanceVolume_0.BrushComponent0, which should never happen in the editor but could happen at runtime with duplicate level loading or PIE
[2015.12.12-01.56.12:662][725]LogUObjectGlobals:Warning: Guid is in use by BrushComponent /Game/SideScrollerBP/Maps/SideScrollerExampleMap.SideScrollerExampleMap:PersistentLevel.PostProcessVolume_2.BrushComponent0 and BrushComponent /Game/SideScrollerBP/Maps/SandventureRoom.SandventureRoom:PersistentLevel.PostProcessVolume_2.BrushComponent0, which should never happen in the editor but could happen at runtime with duplicate level loading or PIE
[2015.12.12-01.56.12:662][725]LogUObjectGlobals:Warning: Guid is in use by CapsuleComponent /Game/SideScrollerBP/Maps/SideScrollerExampleMap.SideScrollerExampleMap:PersistentLevel.NetworkPlayerStart.CollisionCapsule and CapsuleComponent /Game/SideScrollerBP/Maps/SandventureRoom.SandventureRoom:PersistentLevel.NetworkPlayerStart.CollisionCapsule, which should never happen in the editor but could happen at runtime with duplicate level loading or PIE
[2015.12.12-01.56.12:662][725]LogUObjectGlobals:Warning: Guid is in use by DirectionalLightComponent /Game/SideScrollerBP/Maps/SideScrollerExampleMap.SideScrollerExampleMap:PersistentLevel.LightSource.LightComponent0 and DirectionalLightComponent /Game/SideScrollerBP/Maps/SandventureRoom.SandventureRoom:PersistentLevel.LightSource.LightComponent0, which should never happen in the editor but could happen at runtime with duplicate level loading or PIE
[2015.12.12-01.56.12:662][725]LogUObjectGlobals:Warning: Guid is in use by DrawSphereComponent /Game/SideScrollerBP/Maps/SideScrollerExampleMap.SideScrollerExampleMap:PersistentLevel.SphereReflectionCapture.DrawRadius0 and DrawSphereComponent /Game/SideScrollerBP/Maps/SandventureRoom.SandventureRoom:PersistentLevel.SphereReflectionCapture.DrawRadius0, which should never happen in the editor but could happen at runtime with duplicate level loading or PIE
[2015.12.12-01.56.12:662][725]LogUObjectGlobals:Warning: Guid is in use by DrawSphereComponent /Game/SideScrollerBP/Maps/SideScrollerExampleMap.SideScrollerExampleMap:PersistentLevel.SphereReflectionCapture.DrawRadius1 and DrawSphereComponent /Game/SideScrollerBP/Maps/SandventureRoom.SandventureRoom:PersistentLevel.SphereReflectionCapture.DrawRadius1, which should never happen in the editor but could happen at runtime with duplicate level loading or PIE
[2015.12.12-01.56.12:664][725]LogUObjectGlobals:Warning: Guid is in use by SceneComponent /Game/SideScrollerBP/Maps/SideScrollerExampleMap.SideScrollerExampleMap:PersistentLevel.InstancedFoliageActor_0.RootComponent0 and SceneComponent /Game/SideScrollerBP/Maps/SandventureRoom.SandventureRoom:PersistentLevel.InstancedFoliageActor_0.RootComponent0, which should never happen in the editor but could happen at runtime with duplicate level loading or PIE
[2015.12.12-01.56.12:665][725]LogUObjectGlobals:Warning: Guid is in use by SkyLightComponent /Game/SideScrollerBP/Maps/SideScrollerExampleMap.SideScrollerExampleMap:PersistentLevel.SkyLight_1.SkyLightComponent0 and SkyLightComponent /Game/SideScrollerBP/Maps/SandventureRoom.SandventureRoom:PersistentLevel.SkyLight_1.SkyLightComponent0, which should never happen in the editor but could happen at runtime with duplicate level loading or PIE
[2015.12.12-01.56.12:665][725]LogUObjectGlobals:Warning: Guid is in use by SphereReflectionCaptureComponent /Game/SideScrollerBP/Maps/SideScrollerExampleMap.SideScrollerExampleMap:PersistentLevel.SphereReflectionCapture.NewReflectionComponent and SphereReflectionCaptureComponent /Game/SideScrollerBP/Maps/SandventureRoom.SandventureRoom:PersistentLevel.SphereReflectionCapture.NewReflectionComponent, which should never happen in the editor but could happen at runtime with duplicate level loading or PIE
[2015.12.12-01.56.12:666][725]LogUObjectGlobals:Warning: Guid is in use by StaticMeshComponent /Game/SideScrollerBP/Maps/SideScrollerExampleMap.SideScrollerExampleMap:PersistentLevel.WorldInfo_0.StaticMeshComponent0 and StaticMeshComponent /Game/SideScrollerBP/Maps/SandventureRoom.SandventureRoom:PersistentLevel.WorldInfo_0.StaticMeshComponent0, which should never happen in the editor but could happen at runtime with duplicate level loading or PIE
[2015.12.12-01.56.12:666][725]LogUObjectGlobals:Warning: Guid is in use by TextRenderComponent /Game/SideScrollerBP/Maps/SideScrollerExampleMap.SideScrollerExampleMap:PersistentLevel.TemplateLabel.NewTextRenderComponent and TextRenderComponent /Game/SideScrollerBP/Maps/SandventureRoom.SandventureRoom:PersistentLevel.TemplateLabel.NewTextRenderComponent, which should never happen in the editor but could happen at runtime with duplicate level loading or PIE
[2015.12.12-01.56.14:243][725]LogAIModule: Creating AISystem for world SandventureRoom
[2015.12.12-01.56.14:247][725]LogActorComponent: UnregisterComponent: (/Engine/Transient.CharMoveComp) Not registered. Aborting.
[2015.12.12-01.56.14:261][725]Cmd: MAP LOAD FILE="../../../../../../Users/Ninjin/Desktop/Sandventure/CoffeeJam2015/NewJam/Content/SideScrollerBP/Maps/SandventureRoom.umap" TEMPLATE=0 SHOWPROGRESS=1 FEATURELEVEL=3
[2015.12.12-01.56.14:261][725]LightingResults: New page: Lighting Build
[2015.12.12-01.56.14:275][725]LoadErrors: New page: Loading map: SandventureRoom.umap
[2015.12.12-01.56.14:276][725]MapCheck: New page: Map Check
[2015.12.12-01.56.14:276][725]LightingResults: New page: Lighting Build
[2015.12.12-01.56.14:286][725]LogParticles: Destroying 0 GPU particle simulations for FXSystem 0x0000005AE773D3A0
[2015.12.12-01.56.14:332][725]LogEditorServer: Finished looking for orphan Actors (0.000 secs)
[2015.12.12-01.56.14:354][725]Cmd: MAP CHECKDEP NOCLEARLOG
[2015.12.12-01.56.14:397][725]MapCheck: Info Map check complete: 0 Error(s), 0 Warning(s), took 43.27ms to complete.
[2015.12.12-01.56.14:397][725]LogFileHelpers: Loading map 'SandventureRoom' took 0.137
[2015.12.12-01.56.36:441][564]LogBlueprintUserMessages: Early PlayInEditor Detection: Level '/Game/SideScrollerBP/Maps/SandventureRoom.SandventureRoom:PersistentLevel' has LevelScriptBlueprint '/Game/SideScrollerBP/Maps/SandventureRoom.SandventureRoom:PersistentLevel.SandventureRoom' with GeneratedClass '/Game/SideScrollerBP/Maps/SandventureRoom.SandventureRoom_C' with ClassGeneratedBy '/Game/SideScrollerBP/Maps/SandventureRoom.SandventureRoom:PersistentLevel.SandventureRoom'
[2015.12.12-01.56.36:441][564]LogPlayLevel: PlayLevel: No blueprints needed recompiling
[2015.12.12-01.56.36:473][564]PIE: New page: PIE session: SandventureRoom (Dec 12, 2015, 3:56:36 AM)
[2015.12.12-01.56.36:490][564]LogPlayLevel: Creating play world package: /Game/SideScrollerBP/Maps/UEDPIE_0_SandventureRoom
[2015.12.12-01.56.36:623][564]LogPlayLevel: PIE: StaticDuplicateObject took: (0.132355s)
[2015.12.12-01.56.36:624][564]LogAIModule: Creating AISystem for world SandventureRoom
[2015.12.12-01.56.36:624][564]LogPlayLevel: PIE: World Init took: (0.001361s)
[2015.12.12-01.56.36:639][564]LogPlayLevel: PIE: Created PIE world by copying editor world from /Game/SideScrollerBP/Maps/SandventureRoom.SandventureRoom to /Game/SideScrollerBP/Maps/UEDPIE_0_SandventureRoom.SandventureRoom (0.165981s)
[2015.12.12-01.56.36:653][564]LogActorComponent: UnregisterComponent: (/Engine/Transient.CharMoveComp) Not registered. Aborting.
[2015.12.12-01.56.36:714][564]LogInit: XAudio2 using 'Lautsprecher (Realtek High Definition Audio)' : 2 channels at 48 kHz using 32 bits per sample (channel mask 0x3)
[2015.12.12-01.56.36:724][564]LogInit: FAudioDevice initialized.
[2015.12.12-01.56.37:004][564]LogWorld: Game class is 'SideScrollerGameMode_C'
[2015.12.12-01.56.37:182][564]LogWorld: Bringing World /Game/SideScrollerBP/Maps/UEDPIE_0_SandventureRoom.SandventureRoom up for play (max tick rate 0) at 2015.12.12-02.56.37
[2015.12.12-01.56.37:182][564]LogActor:Warning: GameSession /Game/SideScrollerBP/Maps/UEDPIE_0_SandventureRoom.SandventureRoom:PersistentLevel.GameSession_0 has natively added scene component(s), but none of them were set as the actor's RootComponent - picking one arbitrarily
[2015.12.12-01.56.37:185][564]LogActor:Warning: GameNetworkManager /Game/SideScrollerBP/Maps/UEDPIE_0_SandventureRoom.SandventureRoom:PersistentLevel.GameNetworkManager_0 has natively added scene component(s), but none of them were set as the actor's RootComponent - picking one arbitrarily
[2015.12.12-01.56.37:400][564]LogWorld: Bringing up level for play took: 0.228344
[2015.12.12-01.56.37:401][564]LogPathFollowing:Warning: No NavigationData found while trying to cache it for AIController_0's PathFollowingComponent
[2015.12.12-01.56.37:524][564]PIE: Info Play in editor start time for /Game/SideScrollerBP/Maps/UEDPIE_0_SandventureRoom 1.515
[2015.12.12-01.56.37:525][564]LogBlueprintUserMessages: Late PlayInEditor Detection: Level '/Game/SideScrollerBP/Maps/SandventureRoom.SandventureRoom:PersistentLevel' has LevelScriptBlueprint '/Game/SideScrollerBP/Maps/SandventureRoom.SandventureRoom:PersistentLevel.SandventureRoom' with GeneratedClass '/Game/SideScrollerBP/Maps/SandventureRoom.SandventureRoom_C' with ClassGeneratedBy '/Game/SideScrollerBP/Maps/SandventureRoom.SandventureRoom:PersistentLevel.SandventureRoom'
[2015.12.12-01.56.41:127][879]LogBlueprintUserMessages: Early EndPlayMap Detection: Level '/Game/SideScrollerBP/Maps/SandventureRoom.SandventureRoom:PersistentLevel' has LevelScriptBlueprint '/Game/SideScrollerBP/Maps/SandventureRoom.SandventureRoom:PersistentLevel.SandventureRoom' with GeneratedClass '/Game/SideScrollerBP/Maps/SandventureRoom.SandventureRoom_C' with ClassGeneratedBy '/Game/SideScrollerBP/Maps/SandventureRoom.SandventureRoom:PersistentLevel.SandventureRoom'
[2015.12.12-01.56.41:317][879]LogBlueprintUserMessages: Late EndPlayMap Detection: Level '/Game/SideScrollerBP/Maps/SandventureRoom.SandventureRoom:PersistentLevel' has LevelScriptBlueprint '/Game/SideScrollerBP/Maps/SandventureRoom.SandventureRoom:PersistentLevel.SandventureRoom' with GeneratedClass '/Game/SideScrollerBP/Maps/SandventureRoom.SandventureRoom_C' with ClassGeneratedBy '/Game/SideScrollerBP/Maps/SandventureRoom.SandventureRoom:PersistentLevel.SandventureRoom'
[2015.12.12-01.56.41:337][879]LogParticles: Destroying 0 GPU particle simulations for FXSystem 0x0000005A95F72DE0
[2015.12.12-01.56.46:165][162]LogBlueprintUserMessages: Early PlayInEditor Detection: Level '/Game/SideScrollerBP/Maps/SandventureRoom.SandventureRoom:PersistentLevel' has LevelScriptBlueprint '/Game/SideScrollerBP/Maps/SandventureRoom.SandventureRoom:PersistentLevel.SandventureRoom' with GeneratedClass '/Game/SideScrollerBP/Maps/SandventureRoom.SandventureRoom_C' with ClassGeneratedBy '/Game/SideScrollerBP/Maps/SandventureRoom.SandventureRoom:PersistentLevel.SandventureRoom'
[2015.12.12-01.56.46:165][162]LogPlayLevel: PlayLevel: No blueprints needed recompiling
[2015.12.12-01.56.46:166][162]PIE: New page: PIE session: SandventureRoom (Dec 12, 2015, 3:56:46 AM)
[2015.12.12-01.56.46:166][162]LogPlayLevel: Creating play world package: /Game/SideScrollerBP/Maps/UEDPIE_0_SandventureRoom
[2015.12.12-01.56.46:214][162]LogPlayLevel: PIE: StaticDuplicateObject took: (0.047494s)
[2015.12.12-01.56.46:214][162]LogAIModule: Creating AISystem for world SandventureRoom
[2015.12.12-01.56.46:214][162]LogPlayLevel: PIE: World Init took: (0.000667s)
[2015.12.12-01.56.46:215][162]LogPlayLevel: PIE: Created PIE world by copying editor world from /Game/SideScrollerBP/Maps/SandventureRoom.SandventureRoom to /Game/SideScrollerBP/Maps/UEDPIE_0_SandventureRoom.SandventureRoom (0.048329s)
[2015.12.12-01.56.46:268][162]LogInit: XAudio2 using 'Lautsprecher (Realtek High Definition Audio)' : 2 channels at 48 kHz using 32 bits per sample (channel mask 0x3)
[2015.12.12-01.56.46:275][162]LogInit: FAudioDevice initialized.
[2015.12.12-01.56.46:312][162]LogWorld: Game class is 'SideScrollerGameMode_C'
[2015.12.12-01.56.46:317][162]LogWorld: Bringing World /Game/SideScrollerBP/Maps/UEDPIE_0_SandventureRoom.SandventureRoom up for play (max tick rate 0) at 2015.12.12-02.56.46
[2015.12.12-01.56.46:317][162]LogActor:Warning: GameSession /Game/SideScrollerBP/Maps/UEDPIE_0_SandventureRoom.SandventureRoom:PersistentLevel.GameSession_1 has natively added scene component(s), but none of them were set as the actor's RootComponent - picking one arbitrarily
[2015.12.12-01.56.46:317][162]LogActor:Warning: GameNetworkManager /Game/SideScrollerBP/Maps/UEDPIE_0_SandventureRoom.SandventureRoom:PersistentLevel.GameNetworkManager_1 has natively added scene component(s), but none of them were set as the actor's RootComponent - picking one arbitrarily
[2015.12.12-01.56.46:318][162]LogWorld: Bringing up level for play took: 0.004606
[2015.12.12-01.56.46:318][162]LogPathFollowing:Warning: No NavigationData found while trying to cache it for AIController_1's PathFollowingComponent
[2015.12.12-01.56.46:320][162]PIE: Info Play in editor start time for /Game/SideScrollerBP/Maps/UEDPIE_0_SandventureRoom 0.327
[2015.12.12-01.56.46:320][162]LogBlueprintUserMessages: Late PlayInEditor Detection: Level '/Game/SideScrollerBP/Maps/SandventureRoom.SandventureRoom:PersistentLevel' has LevelScriptBlueprint '/Game/SideScrollerBP/Maps/SandventureRoom.SandventureRoom:PersistentLevel.SandventureRoom' with GeneratedClass '/Game/SideScrollerBP/Maps/SandventureRoom.SandventureRoom_C' with ClassGeneratedBy '/Game/SideScrollerBP/Maps/SandventureRoom.SandventureRoom:PersistentLevel.SandventureRoom'
[2015.12.12-01.56.47:880][334]LogBlueprintUserMessages: Early EndPlayMap Detection: Level '/Game/SideScrollerBP/Maps/SandventureRoom.SandventureRoom:PersistentLevel' has LevelScriptBlueprint '/Game/SideScrollerBP/Maps/SandventureRoom.SandventureRoom:PersistentLevel.SandventureRoom' with GeneratedClass '/Game/SideScrollerBP/Maps/SandventureRoom.SandventureRoom_C' with ClassGeneratedBy '/Game/SideScrollerBP/Maps/SandventureRoom.SandventureRoom:PersistentLevel.SandventureRoom'
[2015.12.12-01.56.47:952][334]LogBlueprintUserMessages: Late EndPlayMap Detection: Level '/Game/SideScrollerBP/Maps/SandventureRoom.SandventureRoom:PersistentLevel' has LevelScriptBlueprint '/Game/SideScrollerBP/Maps/SandventureRoom.SandventureRoom:PersistentLevel.SandventureRoom' with GeneratedClass '/Game/SideScrollerBP/Maps/SandventureRoom.SandventureRoom_C' with ClassGeneratedBy '/Game/SideScrollerBP/Maps/SandventureRoom.SandventureRoom:PersistentLevel.SandventureRoom'
[2015.12.12-01.56.47:966][334]LogParticles: Destroying 0 GPU particle simulations for FXSystem 0x0000005A814380E0
[2015.12.12-01.56.54:325][730]LogEditorViewport: Clicking on Actor (LMB): PlayerStart (NetworkPlayerStart)
[2015.12.12-01.56.56:703][925]Cmd: DELETE
[2015.12.12-01.56.56:703][925]Cmd: ACTOR DELETE
[2015.12.12-01.56.56:704][925]LogEditorActor: Deleted Actor: PlayerStart
[2015.12.12-01.56.56:719][925]LogEditorActor: Deleted 1 Actors (0.016 secs)
[2015.12.12-01.56.59:847][219]LogBlueprintUserMessages: Early PlayInEditor Detection: Level '/Game/SideScrollerBP/Maps/SandventureRoom.SandventureRoom:PersistentLevel' has LevelScriptBlueprint '/Game/SideScrollerBP/Maps/SandventureRoom.SandventureRoom:PersistentLevel.SandventureRoom' with GeneratedClass '/Game/SideScrollerBP/Maps/SandventureRoom.SandventureRoom_C' with ClassGeneratedBy '/Game/SideScrollerBP/Maps/SandventureRoom.SandventureRoom:PersistentLevel.SandventureRoom'
[2015.12.12-01.56.59:847][219]LogPlayLevel: PlayLevel: No blueprints needed recompiling
[2015.12.12-01.56.59:847][219]PIE: New page: PIE session: SandventureRoom (Dec 12, 2015, 3:56:59 AM)
[2015.12.12-01.56.59:847][219]LogPlayLevel: Creating play world package: /Game/SideScrollerBP/Maps/UEDPIE_0_SandventureRoom
[2015.12.12-01.56.59:867][219]LogPlayLevel: PIE: StaticDuplicateObject took: (0.019710s)
[2015.12.12-01.56.59:867][219]LogAIModule: Creating AISystem for world SandventureRoom
[2015.12.12-01.56.59:867][219]LogPlayLevel: PIE: World Init took: (0.000653s)
[2015.12.12-01.56.59:867][219]LogPlayLevel: PIE: Created PIE world by copying editor world from /Game/SideScrollerBP/Maps/SandventureRoom.SandventureRoom to /Game/SideScrollerBP/Maps/UEDPIE_0_SandventureRoom.SandventureRoom (0.020533s)
[2015.12.12-01.56.59:891][219]LogInit: XAudio2 using 'Lautsprecher (Realtek High Definition Audio)' : 2 channels at 48 kHz using 32 bits per sample (channel mask 0x3)
[2015.12.12-01.56.59:897][219]LogInit: FAudioDevice initialized.
[2015.12.12-01.56.59:935][219]LogWorld: Game class is 'SideScrollerGameMode_C'
[2015.12.12-01.56.59:940][219]LogWorld: Bringing World /Game/SideScrollerBP/Maps/UEDPIE_0_SandventureRoom.SandventureRoom up for play (max tick rate 0) at 2015.12.12-02.56.59
[2015.12.12-01.56.59:940][219]LogActor:Warning: GameSession /Game/SideScrollerBP/Maps/UEDPIE_0_SandventureRoom.SandventureRoom:PersistentLevel.GameSession_2 has natively added scene component(s), but none of them were set as the actor's RootComponent - picking one arbitrarily
[2015.12.12-01.56.59:940][219]LogActor:Warning: GameNetworkManager /Game/SideScrollerBP/Maps/UEDPIE_0_SandventureRoom.SandventureRoom:PersistentLevel.GameNetworkManager_2 has natively added scene component(s), but none of them were set as the actor's RootComponent - picking one arbitrarily
[2015.12.12-01.56.59:941][219]LogWorld: Bringing up level for play took: 0.005012
[2015.12.12-01.56.59:941][219]LogPathFollowing:Warning: No NavigationData found while trying to cache it for AIController_2's PathFollowingComponent
[2015.12.12-01.56.59:943][219]PIE: Info Play in editor start time for /Game/SideScrollerBP/Maps/UEDPIE_0_SandventureRoom -0.05
[2015.12.12-01.56.59:943][219]LogBlueprintUserMessages: Late PlayInEditor Detection: Level '/Game/SideScrollerBP/Maps/SandventureRoom.SandventureRoom:PersistentLevel' has LevelScriptBlueprint '/Game/SideScrollerBP/Maps/SandventureRoom.SandventureRoom:PersistentLevel.SandventureRoom' with GeneratedClass '/Game/SideScrollerBP/Maps/SandventureRoom.SandventureRoom_C' with ClassGeneratedBy '/Game/SideScrollerBP/Maps/SandventureRoom.SandventureRoom:PersistentLevel.SandventureRoom'
[2015.12.12-01.57.01:613][398]LogBlueprintUserMessages: Early EndPlayMap Detection: Level '/Game/SideScrollerBP/Maps/SandventureRoom.SandventureRoom:PersistentLevel' has LevelScriptBlueprint '/Game/SideScrollerBP/Maps/SandventureRoom.SandventureRoom:PersistentLevel.SandventureRoom' with GeneratedClass '/Game/SideScrollerBP/Maps/SandventureRoom.SandventureRoom_C' with ClassGeneratedBy '/Game/SideScrollerBP/Maps/SandventureRoom.SandventureRoom:PersistentLevel.SandventureRoom'
[2015.12.12-01.57.01:646][398]LogBlueprintUserMessages: Late EndPlayMap Detection: Level '/Game/SideScrollerBP/Maps/SandventureRoom.SandventureRoom:PersistentLevel' has LevelScriptBlueprint '/Game/SideScrollerBP/Maps/SandventureRoom.SandventureRoom:PersistentLevel.SandventureRoom' with GeneratedClass '/Game/SideScrollerBP/Maps/SandventureRoom.SandventureRoom_C' with ClassGeneratedBy '/Game/SideScrollerBP/Maps/SandventureRoom.SandventureRoom:PersistentLevel.SandventureRoom'
[2015.12.12-01.57.01:657][398]LogParticles: Destroying 0 GPU particle simulations for FXSystem 0x0000005A811EF7E0
[2015.12.12-01.57.04:222][615]LogEditorViewport: Clicking on Actor (LMB): SideScrollerCharacter_C (SideScrollerCharacter)
[2015.12.12-01.57.05:605][691]Cmd: DELETE
[2015.12.12-01.57.05:605][691]Cmd: ACTOR DELETE
[2015.12.12-01.57.05:606][691]LogEditorActor: Deleted Actor: SideScrollerCharacter_C
[2015.12.12-01.57.05:648][691]LogEditorActor: Deleted 1 Actors (0.044 secs)
[2015.12.12-01.57.12:838][322]LogNavigationPoint: PostEditMove Clear paths rebuilt
[2015.12.12-01.57.12:965][333]LogNavigationPoint: PostEditMove Clear paths rebuilt
[2015.12.12-01.57.20:740][ 28]Cmd: UpdateLandscapeSetup
[2015.12.12-01.57.22:589][193]LogBlueprintUserMessages: Early PlayInEditor Detection: Level '/Game/SideScrollerBP/Maps/SandventureRoom.SandventureRoom:PersistentLevel' has LevelScriptBlueprint '/Game/SideScrollerBP/Maps/SandventureRoom.SandventureRoom:PersistentLevel.SandventureRoom' with GeneratedClass '/Game/SideScrollerBP/Maps/SandventureRoom.SandventureRoom_C' with ClassGeneratedBy '/Game/SideScrollerBP/Maps/SandventureRoom.SandventureRoom:PersistentLevel.SandventureRoom'
[2015.12.12-01.57.22:589][193]LogPlayLevel: PlayLevel: No blueprints needed recompiling
[2015.12.12-01.57.22:590][193]PIE: New page: PIE session: SandventureRoom (Dec 12, 2015, 3:57:22 AM)
[2015.12.12-01.57.22:590][193]LogPlayLevel: Creating play world package: /Game/SideScrollerBP/Maps/UEDPIE_0_SandventureRoom
[2015.12.12-01.57.22:608][193]LogPlayLevel: PIE: StaticDuplicateObject took: (0.019391s)
[2015.12.12-01.57.22:610][193]LogAIModule: Creating AISystem for world SandventureRoom
[2015.12.12-01.57.22:610][193]LogPlayLevel: PIE: World Init took: (0.001007s)
[2015.12.12-01.57.22:610][193]LogPlayLevel: PIE: Created PIE world by copying editor world from /Game/SideScrollerBP/Maps/SandventureRoom.SandventureRoom to /Game/SideScrollerBP/Maps/UEDPIE_0_SandventureRoom.SandventureRoom (0.020567s)
[2015.12.12-01.57.22:610][193]LogActorComponent: UnregisterComponent: (/Engine/Transient.CharMoveComp) Not registered. Aborting.
[2015.12.12-01.57.22:635][193]LogInit: XAudio2 using 'Lautsprecher (Realtek High Definition Audio)' : 2 channels at 48 kHz using 32 bits per sample (channel mask 0x3)
[2015.12.12-01.57.22:642][193]LogInit: FAudioDevice initialized.
[2015.12.12-01.57.22:676][193]LogWorld: Game class is 'SideScrollerGameMode_C'
[2015.12.12-01.57.22:680][193]LogWorld: Bringing World /Game/SideScrollerBP/Maps/UEDPIE_0_SandventureRoom.SandventureRoom up for play (max tick rate 0) at 2015.12.12-02.57.22
[2015.12.12-01.57.22:680][193]LogActor:Warning: GameSession /Game/SideScrollerBP/Maps/UEDPIE_0_SandventureRoom.SandventureRoom:PersistentLevel.GameSession_3 has natively added scene component(s), but none of them were set as the actor's RootComponent - picking one arbitrarily
[2015.12.12-01.57.22:680][193]LogActor:Warning: GameNetworkManager /Game/SideScrollerBP/Maps/UEDPIE_0_SandventureRoom.SandventureRoom:PersistentLevel.GameNetworkManager_3 has natively added scene component(s), but none of them were set as the actor's RootComponent - picking one arbitrarily
[2015.12.12-01.57.22:680][193]LogWorld: Bringing up level for play took: 0.003481
[2015.12.12-01.57.22:730][193]PIE: Info Play in editor start time for /Game/SideScrollerBP/Maps/UEDPIE_0_SandventureRoom 0.737
[2015.12.12-01.57.22:730][193]LogBlueprintUserMessages: Late PlayInEditor Detection: Level '/Game/SideScrollerBP/Maps/SandventureRoom.SandventureRoom:PersistentLevel' has LevelScriptBlueprint '/Game/SideScrollerBP/Maps/SandventureRoom.SandventureRoom:PersistentLevel.SandventureRoom' with GeneratedClass '/Game/SideScrollerBP/Maps/SandventureRoom.SandventureRoom_C' with ClassGeneratedBy '/Game/SideScrollerBP/Maps/SandventureRoom.SandventureRoom:PersistentLevel.SandventureRoom'
[2015.12.12-01.57.25:170][446]LogBlueprintUserMessages: Early EndPlayMap Detection: Level '/Game/SideScrollerBP/Maps/SandventureRoom.SandventureRoom:PersistentLevel' has LevelScriptBlueprint '/Game/SideScrollerBP/Maps/SandventureRoom.SandventureRoom:PersistentLevel.SandventureRoom' with GeneratedClass '/Game/SideScrollerBP/Maps/SandventureRoom.SandventureRoom_C' with ClassGeneratedBy '/Game/SideScrollerBP/Maps/SandventureRoom.SandventureRoom:PersistentLevel.SandventureRoom'
[2015.12.12-01.57.25:214][446]LogBlueprintUserMessages: Late EndPlayMap Detection: Level '/Game/SideScrollerBP/Maps/SandventureRoom.SandventureRoom:PersistentLevel' has LevelScriptBlueprint '/Game/SideScrollerBP/Maps/SandventureRoom.SandventureRoom:PersistentLevel.SandventureRoom' with GeneratedClass '/Game/SideScrollerBP/Maps/SandventureRoom.SandventureRoom_C' with ClassGeneratedBy '/Game/SideScrollerBP/Maps/SandventureRoom.SandventureRoom:PersistentLevel.SandventureRoom'
[2015.12.12-01.57.25:225][446]LogParticles: Destroying 0 GPU particle simulations for FXSystem 0x0000005AE758F560
[2015.12.12-01.57.27:409][615]LogNavigationPoint: PostEditMove Clear paths rebuilt
[2015.12.12-01.57.28:142][678]LogBlueprintUserMessages: Early PlayInEditor Detection: Level '/Game/SideScrollerBP/Maps/SandventureRoom.SandventureRoom:PersistentLevel' has LevelScriptBlueprint '/Game/SideScrollerBP/Maps/SandventureRoom.SandventureRoom:PersistentLevel.SandventureRoom' with GeneratedClass '/Game/SideScrollerBP/Maps/SandventureRoom.SandventureRoom_C' with ClassGeneratedBy '/Game/SideScrollerBP/Maps/SandventureRoom.SandventureRoom:PersistentLevel.SandventureRoom'
[2015.12.12-01.57.28:142][678]LogPlayLevel: PlayLevel: No blueprints needed recompiling
[2015.12.12-01.57.28:142][678]PIE: New page: PIE session: SandventureRoom (Dec 12, 2015, 3:57:28 AM)
[2015.12.12-01.57.28:142][678]LogPlayLevel: Creating play world package: /Game/SideScrollerBP/Maps/UEDPIE_0_SandventureRoom
[2015.12.12-01.57.28:159][678]LogPlayLevel: PIE: StaticDuplicateObject took: (0.016055s)
[2015.12.12-01.57.28:160][678]LogAIModule: Creating AISystem for world SandventureRoom
[2015.12.12-01.57.28:160][678]LogPlayLevel: PIE: World Init took: (0.000796s)
[2015.12.12-01.57.28:160][678]LogPlayLevel: PIE: Created PIE world by copying editor world from /Game/SideScrollerBP/Maps/SandventureRoom.SandventureRoom to /Game/SideScrollerBP/Maps/UEDPIE_0_SandventureRoom.SandventureRoom (0.017036s)
[2015.12.12-01.57.28:184][678]LogInit: XAudio2 using 'Lautsprecher (Realtek High Definition Audio)' : 2 channels at 48 kHz using 32 bits per sample (channel mask 0x3)
[2015.12.12-01.57.28:190][678]LogInit: FAudioDevice initialized.
[2015.12.12-01.57.28:222][678]LogWorld: Game class is 'SideScrollerGameMode_C'
[2015.12.12-01.57.28:226][678]LogWorld: Bringing World /Game/SideScrollerBP/Maps/UEDPIE_0_SandventureRoom.SandventureRoom up for play (max tick rate 0) at 2015.12.12-02.57.28
[2015.12.12-01.57.28:226][678]LogActor:Warning: GameSession /Game/SideScrollerBP/Maps/UEDPIE_0_SandventureRoom.SandventureRoom:PersistentLevel.GameSession_4 has natively added scene component(s), but none of them were set as the actor's RootComponent - picking one arbitrarily
[2015.12.12-01.57.28:226][678]LogActor:Warning: GameNetworkManager /Game/SideScrollerBP/Maps/UEDPIE_0_SandventureRoom.SandventureRoom:PersistentLevel.GameNetworkManager_4 has natively added scene component(s), but none of them were set as the actor's RootComponent - picking one arbitrarily
[2015.12.12-01.57.28:226][678]LogWorld: Bringing up level for play took: 0.003381
[2015.12.12-01.57.28:229][678]PIE: Info Play in editor start time for /Game/SideScrollerBP/Maps/UEDPIE_0_SandventureRoom 0.236
[2015.12.12-01.57.28:229][678]LogBlueprintUserMessages: Late PlayInEditor Detection: Level '/Game/SideScrollerBP/Maps/SandventureRoom.SandventureRoom:PersistentLevel' has LevelScriptBlueprint '/Game/SideScrollerBP/Maps/SandventureRoom.SandventureRoom:PersistentLevel.SandventureRoom' with GeneratedClass '/Game/SideScrollerBP/Maps/SandventureRoom.SandventureRoom_C' with ClassGeneratedBy '/Game/SideScrollerBP/Maps/SandventureRoom.SandventureRoom:PersistentLevel.SandventureRoom'
[2015.12.12-01.57.32:040][ 73]LogBlueprintUserMessages: Early EndPlayMap Detection: Level '/Game/SideScrollerBP/Maps/SandventureRoom.SandventureRoom:PersistentLevel' has LevelScriptBlueprint '/Game/SideScrollerBP/Maps/SandventureRoom.SandventureRoom:PersistentLevel.SandventureRoom' with GeneratedClass '/Game/SideScrollerBP/Maps/SandventureRoom.SandventureRoom_C' with ClassGeneratedBy '/Game/SideScrollerBP/Maps/SandventureRoom.SandventureRoom:PersistentLevel.SandventureRoom'
[2015.12.12-01.57.32:073][ 73]LogBlueprintUserMessages: Late EndPlayMap Detection: Level '/Game/SideScrollerBP/Maps/SandventureRoom.SandventureRoom:PersistentLevel' has LevelScriptBlueprint '/Game/SideScrollerBP/Maps/SandventureRoom.SandventureRoom:PersistentLevel.SandventureRoom' with GeneratedClass '/Game/SideScrollerBP/Maps/SandventureRoom.SandventureRoom_C' with ClassGeneratedBy '/Game/SideScrollerBP/Maps/SandventureRoom.SandventureRoom:PersistentLevel.SandventureRoom'
[2015.12.12-01.57.32:097][ 74]LogParticles: Destroying 0 GPU particle simulations for FXSystem 0x0000005AE758E3E0
[2015.12.12-01.57.34:291][281]LogNavigationPoint: PostEditMove Clear paths rebuilt
[2015.12.12-01.57.34:843][332]LogBlueprintUserMessages: Early PlayInEditor Detection: Level '/Game/SideScrollerBP/Maps/SandventureRoom.SandventureRoom:PersistentLevel' has LevelScriptBlueprint '/Game/SideScrollerBP/Maps/SandventureRoom.SandventureRoom:PersistentLevel.SandventureRoom' with GeneratedClass '/Game/SideScrollerBP/Maps/SandventureRoom.SandventureRoom_C' with ClassGeneratedBy '/Game/SideScrollerBP/Maps/SandventureRoom.SandventureRoom:PersistentLevel.SandventureRoom'
[2015.12.12-01.57.34:843][332]LogPlayLevel: PlayLevel: No blueprints needed recompiling
[2015.12.12-01.57.34:843][332]PIE: New page: PIE session: SandventureRoom (Dec 12, 2015, 3:57:34 AM)
[2015.12.12-01.57.34:843][332]LogPlayLevel: Creating play world package: /Game/SideScrollerBP/Maps/UEDPIE_0_SandventureRoom
[2015.12.12-01.57.34:858][332]LogPlayLevel: PIE: StaticDuplicateObject took: (0.015320s)
[2015.12.12-01.57.34:859][332]LogAIModule: Creating AISystem for world SandventureRoom
[2015.12.12-01.57.34:859][332]LogPlayLevel: PIE: World Init took: (0.000652s)
[2015.12.12-01.57.34:859][332]LogPlayLevel: PIE: Created PIE world by copying editor world from /Game/SideScrollerBP/Maps/SandventureRoom.SandventureRoom to /Game/SideScrollerBP/Maps/UEDPIE_0_SandventureRoom.SandventureRoom (0.016140s)
[2015.12.12-01.57.34:882][332]LogInit: XAudio2 using 'Lautsprecher (Realtek High Definition Audio)' : 2 channels at 48 kHz using 32 bits per sample (channel mask 0x3)
[2015.12.12-01.57.34:888][332]LogInit: FAudioDevice initialized.
[2015.12.12-01.57.34:927][332]LogWorld: Game class is 'SideScrollerGameMode_C'
[2015.12.12-01.57.34:931][332]LogWorld: Bringing World /Game/SideScrollerBP/Maps/UEDPIE_0_SandventureRoom.SandventureRoom up for play (max tick rate 0) at 2015.12.12-02.57.34
[2015.12.12-01.57.34:931][332]LogActor:Warning: GameSession /Game/SideScrollerBP/Maps/UEDPIE_0_SandventureRoom.SandventureRoom:PersistentLevel.GameSession_5 has natively added scene component(s), but none of them were set as the actor's RootComponent - picking one arbitrarily
[2015.12.12-01.57.34:931][332]LogActor:Warning: GameNetworkManager /Game/SideScrollerBP/Maps/UEDPIE_0_SandventureRoom.SandventureRoom:PersistentLevel.GameNetworkManager_5 has natively added scene component(s), but none of them were set as the actor's RootComponent - picking one arbitrarily
[2015.12.12-01.57.34:931][332]LogWorld: Bringing up level for play took: 0.003663
[2015.12.12-01.57.34:933][332]PIE: Info Play in editor start time for /Game/SideScrollerBP/Maps/UEDPIE_0_SandventureRoom 0.94
[2015.12.12-01.57.34:933][332]LogBlueprintUserMessages: Late PlayInEditor Detection: Level '/Game/SideScrollerBP/Maps/SandventureRoom.SandventureRoom:PersistentLevel' has LevelScriptBlueprint '/Game/SideScrollerBP/Maps/SandventureRoom.SandventureRoom:PersistentLevel.SandventureRoom' with GeneratedClass '/Game/SideScrollerBP/Maps/SandventureRoom.SandventureRoom_C' with ClassGeneratedBy '/Game/SideScrollerBP/Maps/SandventureRoom.SandventureRoom:PersistentLevel.SandventureRoom'
[2015.12.12-01.57.36:451][495]LogBlueprintUserMessages: Early EndPlayMap Detection: Level '/Game/SideScrollerBP/Maps/SandventureRoom.SandventureRoom:PersistentLevel' has LevelScriptBlueprint '/Game/SideScrollerBP/Maps/SandventureRoom.SandventureRoom:PersistentLevel.SandventureRoom' with GeneratedClass '/Game/SideScrollerBP/Maps/SandventureRoom.SandventureRoom_C' with ClassGeneratedBy '/Game/SideScrollerBP/Maps/SandventureRoom.SandventureRoom:PersistentLevel.SandventureRoom'
[2015.12.12-01.57.36:502][495]LogBlueprintUserMessages: Late EndPlayMap Detection: Level '/Game/SideScrollerBP/Maps/SandventureRoom.SandventureRoom:PersistentLevel' has LevelScriptBlueprint '/Game/SideScrollerBP/Maps/SandventureRoom.SandventureRoom:PersistentLevel.SandventureRoom' with GeneratedClass '/Game/SideScrollerBP/Maps/SandventureRoom.SandventureRoom_C' with ClassGeneratedBy '/Game/SideScrollerBP/Maps/SandventureRoom.SandventureRoom:PersistentLevel.SandventureRoom'
[2015.12.12-01.57.36:526][496]LogParticles: Destroying 0 GPU particle simulations for FXSystem 0x0000005AEC4A1C60
[2015.12.12-01.57.38:448][674]LogNavigationPoint: PostEditMove Clear paths rebuilt
[2015.12.12-01.57.39:339][760]LogBlueprintUserMessages: Early PlayInEditor Detection: Level '/Game/SideScrollerBP/Maps/SandventureRoom.SandventureRoom:PersistentLevel' has LevelScriptBlueprint '/Game/SideScrollerBP/Maps/SandventureRoom.SandventureRoom:PersistentLevel.SandventureRoom' with GeneratedClass '/Game/SideScrollerBP/Maps/SandventureRoom.SandventureRoom_C' with ClassGeneratedBy '/Game/SideScrollerBP/Maps/SandventureRoom.SandventureRoom:PersistentLevel.SandventureRoom'
[2015.12.12-01.57.39:339][760]LogPlayLevel: PlayLevel: No blueprints needed recompiling
[2015.12.12-01.57.39:339][760]PIE: New page: PIE session: SandventureRoom (Dec 12, 2015, 3:57:39 AM)
[2015.12.12-01.57.39:339][760]LogPlayLevel: Creating play world package: /Game/SideScrollerBP/Maps/UEDPIE_0_SandventureRoom
[2015.12.12-01.57.39:356][760]LogPlayLevel: PIE: StaticDuplicateObject took: (0.016573s)
[2015.12.12-01.57.39:356][760]LogAIModule: Creating AISystem for world SandventureRoom
[2015.12.12-01.57.39:357][760]LogPlayLevel: PIE: World Init took: (0.000930s)
[2015.12.12-01.57.39:357][760]LogPlayLevel: PIE: Created PIE world by copying editor world from /Game/SideScrollerBP/Maps/SandventureRoom.SandventureRoom to /Game/SideScrollerBP/Maps/UEDPIE_0_SandventureRoom.SandventureRoom (0.017670s)
[2015.12.12-01.57.39:380][760]LogInit: XAudio2 using 'Lautsprecher (Realtek High Definition Audio)' : 2 channels at 48 kHz using 32 bits per sample (channel mask 0x3)
[2015.12.12-01.57.39:386][760]LogInit: FAudioDevice initialized.
[2015.12.12-01.57.39:425][760]LogWorld: Game class is 'SideScrollerGameMode_C'
[2015.12.12-01.57.39:430][760]LogWorld: Bringing World /Game/SideScrollerBP/Maps/UEDPIE_0_SandventureRoom.SandventureRoom up for play (max tick rate 0) at 2015.12.12-02.57.39
[2015.12.12-01.57.39:430][760]LogActor:Warning: GameSession /Game/SideScrollerBP/Maps/UEDPIE_0_SandventureRoom.SandventureRoom:PersistentLevel.GameSession_6 has natively added scene component(s), but none of them were set as the actor's RootComponent - picking one arbitrarily
[2015.12.12-01.57.39:430][760]LogActor:Warning: GameNetworkManager /Game/SideScrollerBP/Maps/UEDPIE_0_SandventureRoom.SandventureRoom:PersistentLevel.GameNetworkManager_6 has natively added scene component(s), but none of them were set as the actor's RootComponent - picking one arbitrarily
[2015.12.12-01.57.39:430][760]LogWorld: Bringing up level for play took: 0.004198
[2015.12.12-01.57.39:433][760]PIE: Info Play in editor start time for /Game/SideScrollerBP/Maps/UEDPIE_0_SandventureRoom -0.56
[2015.12.12-01.57.39:433][760]LogBlueprintUserMessages: Late PlayInEditor Detection: Level '/Game/SideScrollerBP/Maps/SandventureRoom.SandventureRoom:PersistentLevel' has LevelScriptBlueprint '/Game/SideScrollerBP/Maps/SandventureRoom.SandventureRoom:PersistentLevel.SandventureRoom' with GeneratedClass '/Game/SideScrollerBP/Maps/SandventureRoom.SandventureRoom_C' with ClassGeneratedBy '/Game/SideScrollerBP/Maps/SandventureRoom.SandventureRoom:PersistentLevel.SandventureRoom'
[2015.12.12-01.57.45:847][438]LogBlueprintUserMessages: Early EndPlayMap Detection: Level '/Game/SideScrollerBP/Maps/SandventureRoom.SandventureRoom:PersistentLevel' has LevelScriptBlueprint '/Game/SideScrollerBP/Maps/SandventureRoom.SandventureRoom:PersistentLevel.SandventureRoom' with GeneratedClass '/Game/SideScrollerBP/Maps/SandventureRoom.SandventureRoom_C' with ClassGeneratedBy '/Game/SideScrollerBP/Maps/SandventureRoom.SandventureRoom:PersistentLevel.SandventureRoom'
[2015.12.12-01.57.45:888][438]LogBlueprintUserMessages: Late EndPlayMap Detection: Level '/Game/SideScrollerBP/Maps/SandventureRoom.SandventureRoom:PersistentLevel' has LevelScriptBlueprint '/Game/SideScrollerBP/Maps/SandventureRoom.SandventureRoom:PersistentLevel.SandventureRoom' with GeneratedClass '/Game/SideScrollerBP/Maps/SandventureRoom.SandventureRoom_C' with ClassGeneratedBy '/Game/SideScrollerBP/Maps/SandventureRoom.SandventureRoom:PersistentLevel.SandventureRoom'
[2015.12.12-01.57.45:913][439]LogParticles: Destroying 0 GPU particle simulations for FXSystem 0x0000005A9C0A4AE0
[2015.12.12-01.57.48:552][647]LogNavigationPoint: PostEditMove Clear paths rebuilt
[2015.12.12-01.57.49:272][711]LogBlueprintUserMessages: Early PlayInEditor Detection: Level '/Game/SideScrollerBP/Maps/SandventureRoom.SandventureRoom:PersistentLevel' has LevelScriptBlueprint '/Game/SideScrollerBP/Maps/SandventureRoom.SandventureRoom:PersistentLevel.SandventureRoom' with GeneratedClass '/Game/SideScrollerBP/Maps/SandventureRoom.SandventureRoom_C' with ClassGeneratedBy '/Game/SideScrollerBP/Maps/SandventureRoom.SandventureRoom:PersistentLevel.SandventureRoom'
[2015.12.12-01.57.49:272][711]LogPlayLevel: PlayLevel: No blueprints needed recompiling
[2015.12.12-01.57.49:272][711]PIE: New page: PIE session: SandventureRoom (Dec 12, 2015, 3:57:49 AM)
[2015.12.12-01.57.49:272][711]LogPlayLevel: Creating play world package: /Game/SideScrollerBP/Maps/UEDPIE_0_SandventureRoom
[2015.12.12-01.57.49:289][711]LogPlayLevel: PIE: StaticDuplicateObject took: (0.016933s)
[2015.12.12-01.57.49:290][711]LogAIModule: Creating AISystem for world SandventureRoom
[2015.12.12-01.57.49:290][711]LogPlayLevel: PIE: World Init took: (0.001012s)
[2015.12.12-01.57.49:290][711]LogPlayLevel: PIE: Created PIE world by copying editor world from /Game/SideScrollerBP/Maps/SandventureRoom.SandventureRoom to /Game/SideScrollerBP/Maps/UEDPIE_0_SandventureRoom.SandventureRoom (0.018123s)
[2015.12.12-01.57.49:314][711]LogInit: XAudio2 using 'Lautsprecher (Realtek High Definition Audio)' : 2 channels at 48 kHz using 32 bits per sample (channel mask 0x3)
[2015.12.12-01.57.49:320][711]LogInit: FAudioDevice initialized.
[2015.12.12-01.57.49:352][711]LogWorld: Game class is 'SideScrollerGameMode_C'
[2015.12.12-01.57.49:359][711]LogWorld: Bringing World /Game/SideScrollerBP/Maps/UEDPIE_0_SandventureRoom.SandventureRoom up for play (max tick rate 0) at 2015.12.12-02.57.49
[2015.12.12-01.57.49:359][711]LogActor:Warning: GameSession /Game/SideScrollerBP/Maps/UEDPIE_0_SandventureRoom.SandventureRoom:PersistentLevel.GameSession_7 has natively added scene component(s), but none of them were set as the actor's RootComponent - picking one arbitrarily
[2015.12.12-01.57.49:359][711]LogActor:Warning: GameNetworkManager /Game/SideScrollerBP/Maps/UEDPIE_0_SandventureRoom.SandventureRoom:PersistentLevel.GameNetworkManager_7 has natively added scene component(s), but none of them were set as the actor's RootComponent - picking one arbitrarily
[2015.12.12-01.57.49:359][711]LogWorld: Bringing up level for play took: 0.006280
[2015.12.12-01.57.49:364][711]PIE: Info Play in editor start time for /Game/SideScrollerBP/Maps/UEDPIE_0_SandventureRoom -0.628
[2015.12.12-01.57.49:365][711]LogBlueprintUserMessages: Late PlayInEditor Detection: Level '/Game/SideScrollerBP/Maps/SandventureRoom.SandventureRoom:PersistentLevel' has LevelScriptBlueprint '/Game/SideScrollerBP/Maps/SandventureRoom.SandventureRoom:PersistentLevel.SandventureRoom' with GeneratedClass '/Game/SideScrollerBP/Maps/SandventureRoom.SandventureRoom_C' with ClassGeneratedBy '/Game/SideScrollerBP/Maps/SandventureRoom.SandventureRoom:PersistentLevel.SandventureRoom'
[2015.12.12-01.58.06:362][474]LogBlueprintUserMessages: Early EndPlayMap Detection: Level '/Game/SideScrollerBP/Maps/SandventureRoom.SandventureRoom:PersistentLevel' has LevelScriptBlueprint '/Game/SideScrollerBP/Maps/SandventureRoom.SandventureRoom:PersistentLevel.SandventureRoom' with GeneratedCla